Timestamp | Device_ID | Temperature (Celsius) | Status
2026-06-04 15:41:58 | WARD_B_TEMP_01 | 39.9 | CRITICAL
2026-06-04 15:41:58 | WARD_B_TEMP_02 | 36.1 | NORMAL
2026-06-04 15:41:58 | WARD_B_TEMP_03 | 40.0 | CRITICAL
2026-06-04 15:41:58 | WARD_B_TEMP_04 | 37.4 | NORMAL
2026-06-04 15:41:58 | WARD_B_TEMP_05 | 39.7 | CRITICAL
2026-06-04 15:41:59 | WARD_B_TEMP_01 | 37.6 | WARNING
2026-06-04 15:41:59 | WARD_B_TEMP_02 | 37.0 | NORMAL
2026-06-04 15:41:59 | WARD_B_TEMP_03 | 35.1 | CRITICAL
2026-06-04 15:41:59 | WARD_B_TEMP_04 | 38.3 | CRITICAL
2026-06-04 15:41:59 | WARD_B_TEMP_05 | 37.0 | NORMAL
2026-06-04 15:42:00 | WARD_B_TEMP_01 | 38.6 | CRITICAL
2026-06-04 15:42:00 | WARD_B_TEMP_02 | 35.4 | CRITICAL
2026-06-04 15:42:00 | WARD_B_TEMP_03 | 34.8 | CRITICAL
2026-06-04 15:42:00 | WARD_B_TEMP_04 | 39.1 | CRITICAL
2026-06-04 15:42:00 | WARD_B_TEMP_05 | 40.2 | CRITICAL
2026-06-04 15:42:01 | WARD_B_TEMP_01 | 36.1 | NORMAL
2026-06-04 15:42:01 | WARD_B_TEMP_02 | 37.0 | NORMAL
2026-06-04 15:42:01 | WARD_B_TEMP_03 | 38.7 | CRITICAL
2026-06-04 15:42:01 | WARD_B_TEMP_04 | 38.3 | CRITICAL
2026-06-04 15:42:01 | WARD_B_TEMP_05 | 39.9 | CRITICAL
2026-06-04 15:42:02 | WARD_B_TEMP_01 | 36.6 | NORMAL
2026-06-04 15:42:02 | WARD_B_TEMP_02 | 40.0 | CRITICAL
2026-06-04 15:42:02 | WARD_B_TEMP_03 | 35.3 | CRITICAL
2026-06-04 15:42:02 | WARD_B_TEMP_04 | 39.6 | CRITICAL
2026-06-04 15:42:02 | WARD_B_TEMP_05 | 35.4 | CRITICAL
2026-06-04 15:42:03 | WARD_B_TEMP_01 | 34.7 | CRITICAL
2026-06-04 15:42:03 | WARD_B_TEMP_02 | 39.6 | CRITICAL
2026-06-04 15:42:03 | WARD_B_TEMP_03 | 34.8 | CRITICAL
2026-06-04 15:42:03 | WARD_B_TEMP_04 | 35.5 | NORMAL
2026-06-04 15:42:03 | WARD_B_TEMP_05 | 37.9 | WARNING
2026-06-04 15:42:04 | WARD_B_TEMP_01 | 39.4 | CRITICAL
2026-06-04 15:42:04 | WARD_B_TEMP_02 | 40.3 | CRITICAL
2026-06-04 15:42:04 | WARD_B_TEMP_03 | 36.1 | NORMAL
2026-06-04 15:42:04 | WARD_B_TEMP_04 | 38.1 | CRITICAL
2026-06-04 15:42:04 | WARD_B_TEMP_05 | 36.1 | NORMAL
2026-06-04 15:42:05 | WARD_B_TEMP_01 | 38.8 | CRITICAL
2026-06-04 15:42:05 | WARD_B_TEMP_02 | 37.0 | NORMAL
2026-06-04 15:42:05 | WARD_B_TEMP_03 | 35.1 | CRITICAL
2026-06-04 15:42:05 | WARD_B_TEMP_04 | 34.8 | CRITICAL
2026-06-04 15:42:05 | WARD_B_TEMP_05 | 37.1 | NORMAL
2026-06-04 15:42:06 | WARD_B_TEMP_01 | 38.1 | CRITICAL
2026-06-04 15:42:06 | WARD_B_TEMP_02 | 39.0 | CRITICAL
2026-06-04 15:42:06 | WARD_B_TEMP_03 | 36.5 | NORMAL
2026-06-04 15:42:06 | WARD_B_TEMP_04 | 39.5 | CRITICAL
2026-06-04 15:42:06 | WARD_B_TEMP_05 | 36.2 | NORMAL
2026-06-04 15:42:07 | WARD_B_TEMP_01 | 36.5 | NORMAL
2026-06-04 15:42:07 | WARD_B_TEMP_02 | 35.8 | NORMAL
2026-06-04 15:42:07 | WARD_B_TEMP_03 | 39.7 | CRITICAL
2026-06-04 15:42:07 | WARD_B_TEMP_04 | 34.6 | CRITICAL
2026-06-04 15:42:07 | WARD_B_TEMP_05 | 40.3 | CRITICAL
2026-06-04 15:42:08 | WARD_B_TEMP_01 | 39.9 | CRITICAL
2026-06-04 15:42:08 | WARD_B_TEMP_02 | 39.5 | CRITICAL
2026-06-04 15:42:08 | WARD_B_TEMP_03 | 37.4 | NORMAL
2026-06-04 15:42:08 | WARD_B_TEMP_04 | 35.8 | NORMAL
2026-06-04 15:42:08 | WARD_B_TEMP_05 | 36.1 | NORMAL
2026-06-04 15:42:09 | WARD_B_TEMP_01 | 38.9 | CRITICAL
2026-06-04 15:42:09 | WARD_B_TEMP_02 | 38.9 | CRITICAL
2026-06-04 15:42:09 | WARD_B_TEMP_03 | 39.7 | CRITICAL
2026-06-04 15:42:09 | WARD_B_TEMP_04 | 40.1 | CRITICAL
2026-06-04 15:42:09 | WARD_B_TEMP_05 | 34.9 | CRITICAL
2026-06-04 15:42:10 | WARD_B_TEMP_01 | 38.7 | CRITICAL
2026-06-04 15:42:10 | WARD_B_TEMP_02 | 39.4 | CRITICAL
2026-06-04 15:42:10 | WARD_B_TEMP_03 | 38.9 | CRITICAL
2026-06-04 15:42:10 | WARD_B_TEMP_04 | 37.3 | NORMAL
2026-06-04 15:42:10 | WARD_B_TEMP_05 | 36.0 | NORMAL
2026-06-04 15:42:11 | WARD_B_TEMP_01 | 35.2 | CRITICAL
2026-06-04 15:42:11 | WARD_B_TEMP_02 | 40.4 | CRITICAL
2026-06-04 15:42:11 | WARD_B_TEMP_03 | 38.2 | CRITICAL
2026-06-04 15:42:11 | WARD_B_TEMP_04 | 36.0 | NORMAL
2026-06-04 15:42:11 | WARD_B_TEMP_05 | 35.1 | CRITICAL
2026-06-04 15:42:12 | WARD_B_TEMP_01 | 37.6 | WARNING
2026-06-04 15:42:12 | WARD_B_TEMP_02 | 34.7 | CRITICAL
2026-06-04 15:42:12 | WARD_B_TEMP_03 | 38.9 | CRITICAL
2026-06-04 15:42:12 | WARD_B_TEMP_04 | 39.5 | CRITICAL
2026-06-04 15:42:12 | WARD_B_TEMP_05 | 38.7 | CRITICAL
2026-06-04 15:42:13 | WARD_B_TEMP_01 | 35.7 | NORMAL
2026-06-04 15:42:13 | WARD_B_TEMP_02 | 35.8 | NORMAL
2026-06-04 15:42:13 | WARD_B_TEMP_03 | 34.9 | CRITICAL
2026-06-04 15:42:13 | WARD_B_TEMP_04 | 38.1 | CRITICAL
2026-06-04 15:42:13 | WARD_B_TEMP_05 | 35.5 | NORMAL
2026-06-04 15:42:14 | WARD_B_TEMP_01 | 35.1 | CRITICAL
2026-06-04 15:42:14 | WARD_B_TEMP_02 | 35.7 | NORMAL
2026-06-04 15:42:14 | WARD_B_TEMP_03 | 39.5 | CRITICAL
2026-06-04 15:42:14 | WARD_B_TEMP_04 | 38.7 | CRITICAL
2026-06-04 15:42:14 | WARD_B_TEMP_05 | 38.0 | WARNING
2026-06-04 15:42:15 | WARD_B_TEMP_01 | 38.3 | CRITICAL
2026-06-04 15:42:15 | WARD_B_TEMP_02 | 35.0 | CRITICAL
2026-06-04 15:42:15 | WARD_B_TEMP_03 | 39.3 | CRITICAL
2026-06-04 15:42:15 | WARD_B_TEMP_04 | 38.7 | CRITICAL
2026-06-04 15:42:15 | WARD_B_TEMP_05 | 37.0 | NORMAL
2026-06-04 15:42:16 | WARD_B_TEMP_01 | 39.8 | CRITICAL
2026-06-04 15:42:16 | WARD_B_TEMP_02 | 35.2 | CRITICAL
2026-06-04 15:42:16 | WARD_B_TEMP_03 | 36.2 | NORMAL
2026-06-04 15:42:16 | WARD_B_TEMP_04 | 37.1 | NORMAL
2026-06-04 15:42:16 | WARD_B_TEMP_05 | 39.0 | CRITICAL
2026-06-04 15:42:17 | WARD_B_TEMP_01 | 37.9 | WARNING
2026-06-04 15:42:17 | WARD_B_TEMP_02 | 35.2 | CRITICAL
2026-06-04 15:42:17 | WARD_B_TEMP_03 | 34.6 | CRITICAL
2026-06-04 15:42:17 | WARD_B_TEMP_04 | 36.1 | NORMAL
2026-06-04 15:42:17 | WARD_B_TEMP_05 | 38.6 | CRITICAL
2026-06-04 15:42:18 | WARD_B_TEMP_01 | 39.1 | CRITICAL
2026-06-04 15:42:18 | WARD_B_TEMP_02 | 40.3 | CRITICAL
2026-06-04 15:42:18 | WARD_B_TEMP_03 | 39.4 | CRITICAL
2026-06-04 15:42:18 | WARD_B_TEMP_04 | 35.2 | CRITICAL
2026-06-04 15:42:18 | WARD_B_TEMP_05 | 34.6 | CRITICAL
2026-06-04 15:42:19 | WARD_B_TEMP_01 | 39.2 | CRITICAL
2026-06-04 15:42:19 | WARD_B_TEMP_02 | 39.3 | CRITICAL
2026-06-04 15:42:19 | WARD_B_TEMP_03 | 35.1 | CRITICAL
2026-06-04 15:42:19 | WARD_B_TEMP_04 | 34.8 | CRITICAL
2026-06-04 15:42:19 | WARD_B_TEMP_05 | 39.9 | CRITICAL
2026-06-04 15:42:20 | WARD_B_TEMP_01 | 37.7 | WARNING
2026-06-04 15:42:20 | WARD_B_TEMP_02 | 35.7 | NORMAL
2026-06-04 15:42:20 | WARD_B_TEMP_03 | 40.4 | CRITICAL
2026-06-04 15:42:20 | WARD_B_TEMP_04 | 37.0 | NORMAL
2026-06-04 15:42:20 | WARD_B_TEMP_05 | 40.2 | CRITICAL
2026-06-04 15:42:21 | WARD_B_TEMP_01 | 36.8 | NORMAL
2026-06-04 15:42:21 | WARD_B_TEMP_02 | 34.6 | CRITICAL
2026-06-04 15:42:21 | WARD_B_TEMP_03 | 39.9 | CRITICAL
2026-06-04 15:42:21 | WARD_B_TEMP_04 | 35.2 | CRITICAL
2026-06-04 15:42:21 | WARD_B_TEMP_05 | 36.6 | NORMAL
2026-06-04 15:42:22 | WARD_B_TEMP_01 | 34.6 | CRITICAL
2026-06-04 15:42:22 | WARD_B_TEMP_02 | 35.6 | NORMAL
2026-06-04 15:42:22 | WARD_B_TEMP_03 | 38.8 | CRITICAL
2026-06-04 15:42:22 | WARD_B_TEMP_04 | 34.6 | CRITICAL
2026-06-04 15:42:22 | WARD_B_TEMP_05 | 36.6 | NORMAL
2026-06-04 15:42:23 | WARD_B_TEMP_01 | 35.9 | NORMAL
2026-06-04 15:42:23 | WARD_B_TEMP_02 | 36.9 | NORMAL
2026-06-04 15:42:23 | WARD_B_TEMP_03 | 39.5 | CRITICAL
2026-06-04 15:42:23 | WARD_B_TEMP_04 | 37.4 | NORMAL
2026-06-04 15:42:23 | WARD_B_TEMP_05 | 39.5 | CRITICAL
2026-06-04 15:42:24 | WARD_B_TEMP_01 | 38.3 | CRITICAL
2026-06-04 15:42:24 | WARD_B_TEMP_02 | 35.9 | NORMAL
2026-06-04 15:42:24 | WARD_B_TEMP_03 | 38.6 | CRITICAL
2026-06-04 15:42:24 | WARD_B_TEMP_04 | 36.0 | NORMAL
2026-06-04 15:42:24 | WARD_B_TEMP_05 | 36.3 | NORMAL
2026-06-04 15:42:25 | WARD_B_TEMP_01 | 39.2 | CRITICAL
2026-06-04 15:42:25 | WARD_B_TEMP_02 | 38.4 | CRITICAL
2026-06-04 15:42:25 | WARD_B_TEMP_03 | 36.2 | NORMAL
2026-06-04 15:42:25 | WARD_B_TEMP_04 | 40.4 | CRITICAL
2026-06-04 15:42:25 | WARD_B_TEMP_05 | 39.3 | CRITICAL
2026-06-04 15:42:26 | WARD_B_TEMP_01 | 38.0 | WARNING
2026-06-04 15:42:26 | WARD_B_TEMP_02 | 38.3 | CRITICAL
2026-06-04 15:42:26 | WARD_B_TEMP_03 | 40.2 | CRITICAL
2026-06-04 15:42:26 | WARD_B_TEMP_04 | 35.4 | CRITICAL
2026-06-04 15:42:26 | WARD_B_TEMP_05 | 37.3 | NORMAL
2026-06-04 15:42:27 | WARD_B_TEMP_01 | 39.5 | CRITICAL
2026-06-04 15:42:27 | WARD_B_TEMP_02 | 39.8 | CRITICAL
2026-06-04 15:42:27 | WARD_B_TEMP_03 | 40.1 | CRITICAL
2026-06-04 15:42:27 | WARD_B_TEMP_04 | 35.0 | CRITICAL
2026-06-04 15:42:27 | WARD_B_TEMP_05 | 37.4 | NORMAL
2026-06-04 15:42:28 | WARD_B_TEMP_01 | 35.5 | NORMAL
2026-06-04 15:42:28 | WARD_B_TEMP_02 | 39.5 | CRITICAL
2026-06-04 15:42:28 | WARD_B_TEMP_03 | 35.8 | NORMAL
2026-06-04 15:42:28 | WARD_B_TEMP_04 | 40.1 | CRITICAL
2026-06-04 15:42:28 | WARD_B_TEMP_05 | 35.4 | CRITICAL
2026-06-04 15:42:29 | WARD_B_TEMP_01 | 37.7 | WARNING
2026-06-04 15:42:29 | WARD_B_TEMP_02 | 39.5 | CRITICAL
2026-06-04 15:42:29 | WARD_B_TEMP_03 | 35.9 | NORMAL
2026-06-04 15:42:29 | WARD_B_TEMP_04 | 35.9 | NORMAL
2026-06-04 15:42:29 | WARD_B_TEMP_05 | 38.9 | CRITICAL
2026-06-04 15:42:30 | WARD_B_TEMP_01 | 38.4 | CRITICAL
2026-06-04 15:42:30 | WARD_B_TEMP_02 | 36.2 | NORMAL
2026-06-04 15:42:30 | WARD_B_TEMP_03 | 38.8 | CRITICAL
2026-06-04 15:42:30 | WARD_B_TEMP_04 | 37.3 | NORMAL
2026-06-04 15:42:30 | WARD_B_TEMP_05 | 39.0 | CRITICAL
2026-06-04 15:42:31 | WARD_B_TEMP_01 | 34.7 | CRITICAL
2026-06-04 15:42:31 | WARD_B_TEMP_02 | 36.3 | NORMAL
2026-06-04 15:42:31 | WARD_B_TEMP_03 | 39.0 | CRITICAL
2026-06-04 15:42:31 | WARD_B_TEMP_04 | 36.1 | NORMAL
2026-06-04 15:42:31 | WARD_B_TEMP_05 | 39.2 | CRITICAL
2026-06-04 15:42:32 | WARD_B_TEMP_01 | 39.9 | CRITICAL
2026-06-04 15:42:32 | WARD_B_TEMP_02 | 36.6 | NORMAL
2026-06-04 15:42:32 | WARD_B_TEMP_03 | 37.8 | WARNING
2026-06-04 15:42:32 | WARD_B_TEMP_04 | 38.6 | CRITICAL
2026-06-04 15:42:32 | WARD_B_TEMP_05 | 36.3 | NORMAL
2026-06-04 15:42:33 | WARD_B_TEMP_01 | 39.8 | CRITICAL
2026-06-04 15:42:33 | WARD_B_TEMP_02 | 39.4 | CRITICAL
2026-06-04 15:42:33 | WARD_B_TEMP_03 | 36.3 | NORMAL
2026-06-04 15:42:33 | WARD_B_TEMP_04 | 36.0 | NORMAL
2026-06-04 15:42:33 | WARD_B_TEMP_05 | 37.2 | NORMAL
2026-06-04 15:42:34 | WARD_B_TEMP_01 | 40.0 | CRITICAL
2026-06-04 15:42:34 | WARD_B_TEMP_02 | 39.8 | CRITICAL
2026-06-04 15:42:34 | WARD_B_TEMP_03 | 38.6 | CRITICAL
2026-06-04 15:42:34 | WARD_B_TEMP_04 | 34.9 | CRITICAL
2026-06-04 15:42:34 | WARD_B_TEMP_05 | 38.5 | CRITICAL
2026-06-04 15:42:35 | WARD_B_TEMP_01 | 40.0 | CRITICAL
2026-06-04 15:42:35 | WARD_B_TEMP_02 | 39.9 | CRITICAL
2026-06-04 15:42:35 | WARD_B_TEMP_03 | 35.7 | NORMAL
2026-06-04 15:42:35 | WARD_B_TEMP_04 | 36.4 | NORMAL
2026-06-04 15:42:35 | WARD_B_TEMP_05 | 35.9 | NORMAL
2026-06-04 15:42:36 | WARD_B_TEMP_01 | 39.6 | CRITICAL
2026-06-04 15:42:36 | WARD_B_TEMP_02 | 37.1 | NORMAL
2026-06-04 15:42:36 | WARD_B_TEMP_03 | 38.4 | CRITICAL
2026-06-04 15:42:36 | WARD_B_TEMP_04 | 37.5 | WARNING
2026-06-04 15:42:36 | WARD_B_TEMP_05 | 36.9 | NORMAL
2026-06-04 15:42:37 | WARD_B_TEMP_01 | 36.2 | NORMAL
2026-06-04 15:42:37 | WARD_B_TEMP_02 | 37.2 | NORMAL
2026-06-04 15:42:37 | WARD_B_TEMP_03 | 34.6 | CRITICAL
2026-06-04 15:42:37 | WARD_B_TEMP_04 | 36.6 | NORMAL
2026-06-04 15:42:37 | WARD_B_TEMP_05 | 38.9 | CRITICAL
2026-06-04 15:42:38 | WARD_B_TEMP_01 | 35.5 | NORMAL
2026-06-04 15:42:38 | WARD_B_TEMP_02 | 34.8 | CRITICAL
2026-06-04 15:42:38 | WARD_B_TEMP_03 | 38.0 | WARNING
2026-06-04 15:42:38 | WARD_B_TEMP_04 | 34.9 | CRITICAL
2026-06-04 15:42:38 | WARD_B_TEMP_05 | 38.5 | CRITICAL
2026-06-04 15:42:39 | WARD_B_TEMP_01 | 36.9 | NORMAL
2026-06-04 15:42:39 | WARD_B_TEMP_02 | 39.2 | CRITICAL
2026-06-04 15:42:39 | WARD_B_TEMP_03 | 35.2 | CRITICAL
2026-06-04 15:42:39 | WARD_B_TEMP_04 | 39.0 | CRITICAL
2026-06-04 15:42:39 | WARD_B_TEMP_05 | 36.8 | NORMAL
2026-06-04 15:42:40 | WARD_B_TEMP_01 | 35.9 | NORMAL
2026-06-04 15:42:40 | WARD_B_TEMP_02 | 39.8 | CRITICAL
2026-06-04 15:42:40 | WARD_B_TEMP_03 | 39.1 | CRITICAL
2026-06-04 15:42:40 | WARD_B_TEMP_04 | 35.0 | CRITICAL
2026-06-04 15:42:40 | WARD_B_TEMP_05 | 36.6 | NORMAL
2026-06-04 15:42:41 | WARD_B_TEMP_01 | 37.7 | WARNING
2026-06-04 15:42:41 | WARD_B_TEMP_02 | 38.8 | CRITICAL
2026-06-04 15:42:41 | WARD_B_TEMP_03 | 36.1 | NORMAL
2026-06-04 15:42:41 | WARD_B_TEMP_04 | 35.9 | NORMAL
2026-06-04 15:42:41 | WARD_B_TEMP_05 | 38.3 | CRITICAL
2026-06-04 15:42:42 | WARD_B_TEMP_01 | 34.7 | CRITICAL
2026-06-04 15:42:42 | WARD_B_TEMP_02 | 34.5 | CRITICAL
2026-06-04 15:42:42 | WARD_B_TEMP_03 | 35.8 | NORMAL
2026-06-04 15:42:42 | WARD_B_TEMP_04 | 36.5 | NORMAL
2026-06-04 15:42:42 | WARD_B_TEMP_05 | 37.8 | WARNING
2026-06-04 15:42:43 | WARD_B_TEMP_01 | 39.0 | CRITICAL
2026-06-04 15:42:43 | WARD_B_TEMP_02 | 36.5 | NORMAL
2026-06-04 15:42:43 | WARD_B_TEMP_03 | 35.0 | CRITICAL
2026-06-04 15:42:43 | WARD_B_TEMP_04 | 34.5 | CRITICAL
2026-06-04 15:42:43 | WARD_B_TEMP_05 | 39.5 | CRITICAL
2026-06-04 15:42:44 | WARD_B_TEMP_01 | 37.0 | NORMAL
2026-06-04 15:42:44 | WARD_B_TEMP_02 | 34.6 | CRITICAL
2026-06-04 15:42:44 | WARD_B_TEMP_03 | 39.8 | CRITICAL
2026-06-04 15:42:44 | WARD_B_TEMP_04 | 37.9 | WARNING
2026-06-04 15:42:44 | WARD_B_TEMP_05 | 39.9 | CRITICAL
2026-06-04 15:42:45 | WARD_B_TEMP_01 | 35.4 | CRITICAL
2026-06-04 15:42:45 | WARD_B_TEMP_02 | 35.3 | CRITICAL
2026-06-04 15:42:45 | WARD_B_TEMP_03 | 38.0 | WARNING
2026-06-04 15:42:45 | WARD_B_TEMP_04 | 35.7 | NORMAL
2026-06-04 15:42:45 | WARD_B_TEMP_05 | 39.4 | CRITICAL
2026-06-04 15:42:46 | WARD_B_TEMP_01 | 36.0 | NORMAL
2026-06-04 15:42:46 | WARD_B_TEMP_02 | 36.2 | NORMAL
2026-06-04 15:42:46 | WARD_B_TEMP_03 | 38.2 | CRITICAL
2026-06-04 15:42:46 | WARD_B_TEMP_04 | 39.2 | CRITICAL
2026-06-04 15:42:46 | WARD_B_TEMP_05 | 40.4 | CRITICAL
2026-06-04 15:42:47 | WARD_B_TEMP_01 | 38.0 | WARNING
2026-06-04 15:42:47 | WARD_B_TEMP_02 | 35.6 | NORMAL
2026-06-04 15:42:47 | WARD_B_TEMP_03 | 34.7 | CRITICAL
2026-06-04 15:42:47 | WARD_B_TEMP_04 | 38.4 | CRITICAL
2026-06-04 15:42:47 | WARD_B_TEMP_05 | 35.5 | NORMAL
2026-06-04 15:42:48 | WARD_B_TEMP_01 | 38.1 | CRITICAL
2026-06-04 15:42:48 | WARD_B_TEMP_02 | 38.9 | CRITICAL
2026-06-04 15:42:48 | WARD_B_TEMP_03 | 38.3 | CRITICAL
2026-06-04 15:42:48 | WARD_B_TEMP_04 | 37.1 | NORMAL
2026-06-04 15:42:48 | WARD_B_TEMP_05 | 35.6 | NORMAL
2026-06-04 15:42:49 | WARD_B_TEMP_01 | 40.2 | CRITICAL
2026-06-04 15:42:49 | WARD_B_TEMP_02 | 36.6 | NORMAL
2026-06-04 15:42:49 | WARD_B_TEMP_03 | 39.1 | CRITICAL
2026-06-04 15:42:49 | WARD_B_TEMP_04 | 34.5 | CRITICAL
2026-06-04 15:42:49 | WARD_B_TEMP_05 | 38.0 | WARNING
2026-06-04 15:42:50 | WARD_B_TEMP_01 | 40.4 | CRITICAL
2026-06-04 15:42:50 | WARD_B_TEMP_02 | 39.5 | CRITICAL
2026-06-04 15:42:50 | WARD_B_TEMP_03 | 39.3 | CRITICAL
2026-06-04 15:42:50 | WARD_B_TEMP_04 | 38.1 | CRITICAL
2026-06-04 15:42:50 | WARD_B_TEMP_05 | 37.3 | NORMAL
2026-06-04 15:42:51 | WARD_B_TEMP_01 | 35.8 | NORMAL
2026-06-04 15:42:51 | WARD_B_TEMP_02 | 38.0 | WARNING
2026-06-04 15:42:51 | WARD_B_TEMP_03 | 40.0 | CRITICAL
2026-06-04 15:42:51 | WARD_B_TEMP_04 | 36.9 | NORMAL
2026-06-04 15:42:51 | WARD_B_TEMP_05 | 35.0 | CRITICAL
2026-06-04 15:42:52 | WARD_B_TEMP_01 | 38.1 | CRITICAL
2026-06-04 15:42:52 | WARD_B_TEMP_02 | 37.1 | NORMAL
2026-06-04 15:42:52 | WARD_B_TEMP_03 | 36.6 | NORMAL
2026-06-04 15:42:52 | WARD_B_TEMP_04 | 34.8 | CRITICAL
2026-06-04 15:42:52 | WARD_B_TEMP_05 | 38.2 | CRITICAL
2026-06-04 15:42:53 | WARD_B_TEMP_01 | 34.8 | CRITICAL
2026-06-04 15:42:53 | WARD_B_TEMP_02 | 35.2 | CRITICAL
2026-06-04 15:42:53 | WARD_B_TEMP_03 | 37.7 | WARNING
2026-06-04 15:42:53 | WARD_B_TEMP_04 | 37.7 | WARNING
2026-06-04 15:42:53 | WARD_B_TEMP_05 | 36.4 | NORMAL
2026-06-04 15:42:54 | WARD_B_TEMP_01 | 38.0 | WARNING
2026-06-04 15:42:54 | WARD_B_TEMP_02 | 37.6 | WARNING
2026-06-04 15:42:54 | WARD_B_TEMP_03 | 38.6 | CRITICAL
2026-06-04 15:42:54 | WARD_B_TEMP_04 | 39.1 | CRITICAL
2026-06-04 15:42:54 | WARD_B_TEMP_05 | 38.3 | CRITICAL
2026-06-04 15:42:55 | WARD_B_TEMP_01 | 36.9 | NORMAL
2026-06-04 15:42:55 | WARD_B_TEMP_02 | 38.1 | CRITICAL
2026-06-04 15:42:55 | WARD_B_TEMP_03 | 35.9 | NORMAL
2026-06-04 15:42:55 | WARD_B_TEMP_04 | 35.7 | NORMAL
2026-06-04 15:42:55 | WARD_B_TEMP_05 | 40.4 | CRITICAL
2026-06-04 15:42:56 | WARD_B_TEMP_01 | 35.2 | CRITICAL
2026-06-04 15:42:56 | WARD_B_TEMP_02 | 40.4 | CRITICAL
2026-06-04 15:42:56 | WARD_B_TEMP_03 | 38.2 | CRITICAL
2026-06-04 15:42:56 | WARD_B_TEMP_04 | 36.8 | NORMAL
2026-06-04 15:42:56 | WARD_B_TEMP_05 | 35.7 | NORMAL
2026-06-04 15:42:57 | WARD_B_TEMP_01 | 39.4 | CRITICAL
2026-06-04 15:42:57 | WARD_B_TEMP_02 | 37.9 | WARNING
2026-06-04 15:42:57 | WARD_B_TEMP_03 | 38.1 | CRITICAL
2026-06-04 15:42:57 | WARD_B_TEMP_04 | 36.2 | NORMAL
2026-06-04 15:42:57 | WARD_B_TEMP_05 | 40.0 | CRITICAL
2026-06-04 15:42:58 | WARD_B_TEMP_01 | 35.2 | CRITICAL
2026-06-04 15:42:58 | WARD_B_TEMP_02 | 35.6 | NORMAL
2026-06-04 15:42:58 | WARD_B_TEMP_03 | 37.9 | WARNING
2026-06-04 15:42:58 | WARD_B_TEMP_04 | 37.1 | NORMAL
2026-06-04 15:42:58 | WARD_B_TEMP_05 | 35.5 | NORMAL
2026-06-04 15:42:59 | WARD_B_TEMP_01 | 35.6 | NORMAL
2026-06-04 15:42:59 | WARD_B_TEMP_02 | 36.7 | NORMAL
2026-06-04 15:42:59 | WARD_B_TEMP_03 | 38.6 | CRITICAL
2026-06-04 15:42:59 | WARD_B_TEMP_04 | 40.4 | CRITICAL
2026-06-04 15:42:59 | WARD_B_TEMP_05 | 36.1 | NORMAL
2026-06-04 15:43:00 | WARD_B_TEMP_01 | 36.3 | NORMAL
2026-06-04 15:43:00 | WARD_B_TEMP_02 | 37.9 | WARNING
2026-06-04 15:43:00 | WARD_B_TEMP_03 | 35.6 | NORMAL
2026-06-04 15:43:00 | WARD_B_TEMP_04 | 38.2 | CRITICAL
2026-06-04 15:43:00 | WARD_B_TEMP_05 | 38.4 | CRITICAL
2026-06-04 15:43:01 | WARD_B_TEMP_01 | 36.9 | NORMAL
2026-06-04 15:43:01 | WARD_B_TEMP_02 | 36.8 | NORMAL
2026-06-04 15:43:01 | WARD_B_TEMP_03 | 36.9 | NORMAL
2026-06-04 15:43:01 | WARD_B_TEMP_04 | 37.2 | NORMAL
2026-06-04 15:43:01 | WARD_B_TEMP_05 | 38.1 | CRITICAL
2026-06-04 15:43:02 | WARD_B_TEMP_01 | 38.1 | CRITICAL
2026-06-04 15:43:02 | WARD_B_TEMP_02 | 37.5 | WARNING
2026-06-04 15:43:02 | WARD_B_TEMP_03 | 35.6 | NORMAL
2026-06-04 15:43:02 | WARD_B_TEMP_04 | 39.7 | CRITICAL
2026-06-04 15:43:02 | WARD_B_TEMP_05 | 40.2 | CRITICAL
2026-06-04 15:43:03 | WARD_B_TEMP_01 | 36.2 | NORMAL
2026-06-04 15:43:03 | WARD_B_TEMP_02 | 37.3 | NORMAL
2026-06-04 15:43:03 | WARD_B_TEMP_03 | 36.3 | NORMAL
2026-06-04 15:43:03 | WARD_B_TEMP_04 | 37.0 | NORMAL
2026-06-04 15:43:03 | WARD_B_TEMP_05 | 38.3 | CRITICAL
2026-06-04 15:43:04 | WARD_B_TEMP_01 | 36.9 | NORMAL
2026-06-04 15:43:04 | WARD_B_TEMP_02 | 39.7 | CRITICAL
2026-06-04 15:43:04 | WARD_B_TEMP_03 | 37.2 | NORMAL
2026-06-04 15:43:04 | WARD_B_TEMP_04 | 39.7 | CRITICAL
2026-06-04 15:43:04 | WARD_B_TEMP_05 | 39.0 | CRITICAL
2026-06-04 15:43:05 | WARD_B_TEMP_01 | 38.5 | CRITICAL
2026-06-04 15:43:05 | WARD_B_TEMP_02 | 37.5 | WARNING
2026-06-04 15:43:05 | WARD_B_TEMP_03 | 35.7 | NORMAL
2026-06-04 15:43:05 | WARD_B_TEMP_04 | 35.7 | NORMAL
2026-06-04 15:43:05 | WARD_B_TEMP_05 | 35.7 | NORMAL
2026-06-04 15:43:06 | WARD_B_TEMP_01 | 37.5 | WARNING
2026-06-04 15:43:06 | WARD_B_TEMP_02 | 40.3 | CRITICAL
2026-06-04 15:43:06 | WARD_B_TEMP_03 | 39.9 | CRITICAL
2026-06-04 15:43:06 | WARD_B_TEMP_04 | 38.8 | CRITICAL
2026-06-04 15:43:06 | WARD_B_TEMP_05 | 39.2 | CRITICAL
2026-06-04 15:43:07 | WARD_B_TEMP_01 | 35.5 | NORMAL
2026-06-04 15:43:07 | WARD_B_TEMP_02 | 35.7 | NORMAL
2026-06-04 15:43:07 | WARD_B_TEMP_03 | 38.7 | CRITICAL
2026-06-04 15:43:07 | WARD_B_TEMP_04 | 35.3 | CRITICAL
2026-06-04 15:43:07 | WARD_B_TEMP_05 | 39.6 | CRITICAL
2026-06-04 15:43:08 | WARD_B_TEMP_01 | 37.9 | WARNING
2026-06-04 15:43:08 | WARD_B_TEMP_02 | 34.9 | CRITICAL
2026-06-04 15:43:08 | WARD_B_TEMP_03 | 39.3 | CRITICAL
2026-06-04 15:43:08 | WARD_B_TEMP_04 | 39.0 | CRITICAL
2026-06-04 15:43:08 | WARD_B_TEMP_05 | 36.2 | NORMAL
2026-06-04 15:43:09 | WARD_B_TEMP_01 | 36.8 | NORMAL
2026-06-04 15:43:09 | WARD_B_TEMP_02 | 34.8 | CRITICAL
2026-06-04 15:43:09 | WARD_B_TEMP_03 | 37.1 | NORMAL
2026-06-04 15:43:09 | WARD_B_TEMP_04 | 38.1 | CRITICAL
2026-06-04 15:43:09 | WARD_B_TEMP_05 | 37.3 | NORMAL
2026-06-04 15:43:10 | WARD_B_TEMP_01 | 40.2 | CRITICAL
2026-06-04 15:43:10 | WARD_B_TEMP_02 | 39.0 | CRITICAL
2026-06-04 15:43:10 | WARD_B_TEMP_03 | 39.9 | CRITICAL
2026-06-04 15:43:10 | WARD_B_TEMP_04 | 39.1 | CRITICAL
2026-06-04 15:43:10 | WARD_B_TEMP_05 | 36.5 | NORMAL
2026-06-04 15:43:11 | WARD_B_TEMP_01 | 35.5 | NORMAL
2026-06-04 15:43:11 | WARD_B_TEMP_02 | 39.1 | CRITICAL
2026-06-04 15:43:11 | WARD_B_TEMP_03 | 40.0 | CRITICAL
2026-06-04 15:43:11 | WARD_B_TEMP_04 | 38.0 | WARNING
2026-06-04 15:43:11 | WARD_B_TEMP_05 | 36.3 | NORMAL
2026-06-04 15:43:12 | WARD_B_TEMP_01 | 37.6 | WARNING
2026-06-04 15:43:12 | WARD_B_TEMP_02 | 38.8 | CRITICAL
2026-06-04 15:43:12 | WARD_B_TEMP_03 | 37.0 | NORMAL
2026-06-04 15:43:12 | WARD_B_TEMP_04 | 39.9 | CRITICAL
2026-06-04 15:43:12 | WARD_B_TEMP_05 | 38.9 | CRITICAL
2026-06-04 15:43:13 | WARD_B_TEMP_01 | 39.2 | CRITICAL
2026-06-04 15:43:13 | WARD_B_TEMP_02 | 38.3 | CRITICAL
2026-06-04 15:43:13 | WARD_B_TEMP_03 | 35.6 | NORMAL
2026-06-04 15:43:13 | WARD_B_TEMP_04 | 37.1 | NORMAL
2026-06-04 15:43:13 | WARD_B_TEMP_05 | 38.8 | CRITICAL
2026-06-04 15:43:14 | WARD_B_TEMP_01 | 36.4 | NORMAL
2026-06-04 15:43:14 | WARD_B_TEMP_02 | 36.7 | NORMAL
2026-06-04 15:43:14 | WARD_B_TEMP_03 | 39.7 | CRITICAL
2026-06-04 15:43:14 | WARD_B_TEMP_04 | 37.2 | NORMAL
2026-06-04 15:43:14 | WARD_B_TEMP_05 | 37.0 | NORMAL
2026-06-04 15:43:15 | WARD_B_TEMP_01 | 38.8 | CRITICAL
2026-06-04 15:43:15 | WARD_B_TEMP_02 | 35.3 | CRITICAL
2026-06-04 15:43:15 | WARD_B_TEMP_03 | 37.2 | NORMAL
2026-06-04 15:43:15 | WARD_B_TEMP_04 | 35.9 | NORMAL
2026-06-04 15:43:15 | WARD_B_TEMP_05 | 37.0 | NORMAL
2026-06-04 15:43:16 | WARD_B_TEMP_01 | 36.2 | NORMAL
2026-06-04 15:43:16 | WARD_B_TEMP_02 | 35.2 | CRITICAL
2026-06-04 15:43:16 | WARD_B_TEMP_03 | 35.6 | NORMAL
2026-06-04 15:43:16 | WARD_B_TEMP_04 | 35.3 | CRITICAL
2026-06-04 15:43:16 | WARD_B_TEMP_05 | 37.5 | WARNING
2026-06-04 15:43:17 | WARD_B_TEMP_01 | 39.1 | CRITICAL
2026-06-04 15:43:17 | WARD_B_TEMP_02 | 39.0 | CRITICAL
2026-06-04 15:43:17 | WARD_B_TEMP_03 | 36.1 | NORMAL
2026-06-04 15:43:17 | WARD_B_TEMP_04 | 34.8 | CRITICAL
2026-06-04 15:43:17 | WARD_B_TEMP_05 | 38.6 | CRITICAL
2026-06-04 15:43:18 | WARD_B_TEMP_01 | 37.6 | WARNING
2026-06-04 15:43:18 | WARD_B_TEMP_02 | 35.2 | CRITICAL
2026-06-04 15:43:18 | WARD_B_TEMP_03 | 39.7 | CRITICAL
2026-06-04 15:43:18 | WARD_B_TEMP_04 | 38.9 | CRITICAL
2026-06-04 15:43:18 | WARD_B_TEMP_05 | 38.0 | WARNING
2026-06-04 15:43:19 | WARD_B_TEMP_01 | 35.9 | NORMAL
2026-06-04 15:43:19 | WARD_B_TEMP_02 | 38.0 | WARNING
2026-06-04 15:43:19 | WARD_B_TEMP_03 | 36.6 | NORMAL
2026-06-04 15:43:19 | WARD_B_TEMP_04 | 34.5 | CRITICAL
2026-06-04 15:43:19 | WARD_B_TEMP_05 | 36.7 | NORMAL
2026-06-04 15:43:20 | WARD_B_TEMP_01 | 40.5 | CRITICAL
2026-06-04 15:43:20 | WARD_B_TEMP_02 | 36.4 | NORMAL
2026-06-04 15:43:20 | WARD_B_TEMP_03 | 38.3 | CRITICAL
2026-06-04 15:43:20 | WARD_B_TEMP_04 | 38.1 | CRITICAL
2026-06-04 15:43:20 | WARD_B_TEMP_05 | 37.9 | WARNING
2026-06-04 15:43:21 | WARD_B_TEMP_01 | 37.8 | WARNING
2026-06-04 15:43:21 | WARD_B_TEMP_02 | 37.7 | WARNING
2026-06-04 15:43:21 | WARD_B_TEMP_03 | 35.9 | NORMAL
2026-06-04 15:43:21 | WARD_B_TEMP_04 | 40.1 | CRITICAL
2026-06-04 15:43:21 | WARD_B_TEMP_05 | 38.2 | CRITICAL
2026-06-04 15:43:22 | WARD_B_TEMP_01 | 39.6 | CRITICAL
2026-06-04 15:43:22 | WARD_B_TEMP_02 | 36.4 | NORMAL
2026-06-04 15:43:22 | WARD_B_TEMP_03 | 35.4 | CRITICAL
2026-06-04 15:43:22 | WARD_B_TEMP_04 | 39.3 | CRITICAL
2026-06-04 15:43:22 | WARD_B_TEMP_05 | 36.1 | NORMAL
2026-06-04 15:43:23 | WARD_B_TEMP_01 | 39.0 | CRITICAL
2026-06-04 15:43:23 | WARD_B_TEMP_02 | 40.4 | CRITICAL
2026-06-04 15:43:23 | WARD_B_TEMP_03 | 39.6 | CRITICAL
2026-06-04 15:43:23 | WARD_B_TEMP_04 | 35.0 | CRITICAL
2026-06-04 15:43:23 | WARD_B_TEMP_05 | 39.2 | CRITICAL
2026-06-04 15:43:24 | WARD_B_TEMP_01 | 36.1 | NORMAL
2026-06-04 15:43:24 | WARD_B_TEMP_02 | 38.5 | CRITICAL
2026-06-04 15:43:24 | WARD_B_TEMP_03 | 40.3 | CRITICAL
2026-06-04 15:43:24 | WARD_B_TEMP_04 | 35.9 | NORMAL
2026-06-04 15:43:24 | WARD_B_TEMP_05 | 36.0 | NORMAL
2026-06-04 15:43:25 | WARD_B_TEMP_01 | 40.2 | CRITICAL
2026-06-04 15:43:25 | WARD_B_TEMP_02 | 36.6 | NORMAL
2026-06-04 15:43:25 | WARD_B_TEMP_03 | 37.3 | NORMAL
2026-06-04 15:43:25 | WARD_B_TEMP_04 | 37.2 | NORMAL
2026-06-04 15:43:25 | WARD_B_TEMP_05 | 38.0 | WARNING
2026-06-04 15:43:26 | WARD_B_TEMP_01 | 38.7 | CRITICAL
2026-06-04 15:43:26 | WARD_B_TEMP_02 | 35.7 | NORMAL
2026-06-04 15:43:26 | WARD_B_TEMP_03 | 34.6 | CRITICAL
2026-06-04 15:43:26 | WARD_B_TEMP_04 | 37.8 | WARNING
2026-06-04 15:43:26 | WARD_B_TEMP_05 | 40.0 | CRITICAL
2026-06-04 15:43:27 | WARD_B_TEMP_01 | 36.7 | NORMAL
2026-06-04 15:43:27 | WARD_B_TEMP_02 | 37.0 | NORMAL
2026-06-04 15:43:27 | WARD_B_TEMP_03 | 38.1 | CRITICAL
2026-06-04 15:43:27 | WARD_B_TEMP_04 | 36.0 | NORMAL
2026-06-04 15:43:27 | WARD_B_TEMP_05 | 34.5 | CRITICAL
2026-06-04 15:43:28 | WARD_B_TEMP_01 | 38.5 | CRITICAL
2026-06-04 15:43:28 | WARD_B_TEMP_02 | 40.0 | CRITICAL
2026-06-04 15:43:28 | WARD_B_TEMP_03 | 38.5 | CRITICAL
2026-06-04 15:43:28 | WARD_B_TEMP_04 | 38.7 | CRITICAL
2026-06-04 15:43:28 | WARD_B_TEMP_05 | 36.8 | NORMAL
2026-06-04 15:43:29 | WARD_B_TEMP_01 | 36.2 | NORMAL
2026-06-04 15:43:29 | WARD_B_TEMP_02 | 39.9 | CRITICAL
2026-06-04 15:43:29 | WARD_B_TEMP_03 | 34.6 | CRITICAL
2026-06-04 15:43:29 | WARD_B_TEMP_04 | 36.8 | NORMAL
2026-06-04 15:43:29 | WARD_B_TEMP_05 | 37.9 | WARNING
2026-06-04 15:43:30 | WARD_B_TEMP_01 | 35.4 | CRITICAL
2026-06-04 15:43:30 | WARD_B_TEMP_02 | 34.7 | CRITICAL
2026-06-04 15:43:30 | WARD_B_TEMP_03 | 35.8 | NORMAL
2026-06-04 15:43:30 | WARD_B_TEMP_04 | 34.6 | CRITICAL
2026-06-04 15:43:30 | WARD_B_TEMP_05 | 34.9 | CRITICAL
2026-06-04 15:43:31 | WARD_B_TEMP_01 | 40.0 | CRITICAL
2026-06-04 15:43:31 | WARD_B_TEMP_02 | 39.6 | CRITICAL
2026-06-04 15:43:31 | WARD_B_TEMP_03 | 34.5 | CRITICAL
2026-06-04 15:43:31 | WARD_B_TEMP_04 | 37.5 | WARNING
2026-06-04 15:43:31 | WARD_B_TEMP_05 | 39.0 | CRITICAL
2026-06-04 15:43:32 | WARD_B_TEMP_01 | 37.0 | NORMAL
2026-06-04 15:43:32 | WARD_B_TEMP_02 | 40.4 | CRITICAL
2026-06-04 15:43:32 | WARD_B_TEMP_03 | 37.3 | NORMAL
2026-06-04 15:43:32 | WARD_B_TEMP_04 | 36.6 | NORMAL
2026-06-04 15:43:32 | WARD_B_TEMP_05 | 36.7 | NORMAL
2026-06-04 15:43:33 | WARD_B_TEMP_01 | 35.9 | NORMAL
2026-06-04 15:43:33 | WARD_B_TEMP_02 | 37.5 | WARNING
2026-06-04 15:43:33 | WARD_B_TEMP_03 | 38.6 | CRITICAL
2026-06-04 15:43:33 | WARD_B_TEMP_04 | 35.7 | NORMAL
2026-06-04 15:43:33 | WARD_B_TEMP_05 | 37.7 | WARNING
2026-06-04 15:43:34 | WARD_B_TEMP_01 | 37.1 | NORMAL
2026-06-04 15:43:34 | WARD_B_TEMP_02 | 39.8 | CRITICAL
2026-06-04 15:43:34 | WARD_B_TEMP_03 | 36.1 | NORMAL
2026-06-04 15:43:34 | WARD_B_TEMP_04 | 39.3 | CRITICAL
2026-06-04 15:43:34 | WARD_B_TEMP_05 | 34.8 | CRITICAL
2026-06-04 15:43:35 | WARD_B_TEMP_01 | 37.1 | NORMAL
2026-06-04 15:43:35 | WARD_B_TEMP_02 | 37.4 | NORMAL
2026-06-04 15:43:35 | WARD_B_TEMP_03 | 39.6 | CRITICAL
2026-06-04 15:43:35 | WARD_B_TEMP_04 | 35.2 | CRITICAL
2026-06-04 15:43:35 | WARD_B_TEMP_05 | 35.4 | CRITICAL
2026-06-04 15:43:36 | WARD_B_TEMP_01 | 39.9 | CRITICAL
2026-06-04 15:43:36 | WARD_B_TEMP_02 | 35.6 | NORMAL
2026-06-04 15:43:36 | WARD_B_TEMP_03 | 39.0 | CRITICAL
2026-06-04 15:43:36 | WARD_B_TEMP_04 | 34.9 | CRITICAL
2026-06-04 15:43:36 | WARD_B_TEMP_05 | 38.3 | CRITICAL
2026-06-04 15:43:37 | WARD_B_TEMP_01 | 35.9 | NORMAL
2026-06-04 15:43:37 | WARD_B_TEMP_02 | 39.4 | CRITICAL
2026-06-04 15:43:37 | WARD_B_TEMP_03 | 40.0 | CRITICAL
2026-06-04 15:43:37 | WARD_B_TEMP_04 | 37.7 | WARNING
2026-06-04 15:43:37 | WARD_B_TEMP_05 | 34.7 | CRITICAL
2026-06-04 15:43:38 | WARD_B_TEMP_01 | 36.2 | NORMAL
2026-06-04 15:43:38 | WARD_B_TEMP_02 | 37.6 | WARNING
2026-06-04 15:43:38 | WARD_B_TEMP_03 | 37.3 | NORMAL
2026-06-04 15:43:38 | WARD_B_TEMP_04 | 39.6 | CRITICAL
2026-06-04 15:43:38 | WARD_B_TEMP_05 | 37.0 | NORMAL
2026-06-04 15:43:39 | WARD_B_TEMP_01 | 39.5 | CRITICAL
2026-06-04 15:43:39 | WARD_B_TEMP_02 | 38.2 | CRITICAL
2026-06-04 15:43:39 | WARD_B_TEMP_03 | 35.0 | CRITICAL
2026-06-04 15:43:39 | WARD_B_TEMP_04 | 34.8 | CRITICAL
2026-06-04 15:43:39 | WARD_B_TEMP_05 | 34.7 | CRITICAL
2026-06-04 15:43:40 | WARD_B_TEMP_01 | 40.0 | CRITICAL
2026-06-04 15:43:40 | WARD_B_TEMP_02 | 37.3 | NORMAL
2026-06-04 15:43:40 | WARD_B_TEMP_03 | 35.0 | CRITICAL
2026-06-04 15:43:40 | WARD_B_TEMP_04 | 39.3 | CRITICAL
2026-06-04 15:43:40 | WARD_B_TEMP_05 | 40.0 | CRITICAL
2026-06-04 15:43:41 | WARD_B_TEMP_01 | 35.0 | CRITICAL
2026-06-04 15:43:41 | WARD_B_TEMP_02 | 35.0 | CRITICAL
2026-06-04 15:43:41 | WARD_B_TEMP_03 | 36.3 | NORMAL
2026-06-04 15:43:41 | WARD_B_TEMP_04 | 38.8 | CRITICAL
2026-06-04 15:43:41 | WARD_B_TEMP_05 | 38.0 | WARNING
2026-06-04 15:43:42 | WARD_B_TEMP_01 | 38.3 | CRITICAL
2026-06-04 15:43:42 | WARD_B_TEMP_02 | 36.3 | NORMAL
2026-06-04 15:43:42 | WARD_B_TEMP_03 | 38.2 | CRITICAL
2026-06-04 15:43:42 | WARD_B_TEMP_04 | 38.3 | CRITICAL
2026-06-04 15:43:42 | WARD_B_TEMP_05 | 36.4 | NORMAL
2026-06-04 15:43:43 | WARD_B_TEMP_01 | 38.3 | CRITICAL
2026-06-04 15:43:43 | WARD_B_TEMP_02 | 39.5 | CRITICAL
2026-06-04 15:43:43 | WARD_B_TEMP_03 | 36.2 | NORMAL
2026-06-04 15:43:43 | WARD_B_TEMP_04 | 40.4 | CRITICAL
2026-06-04 15:43:43 | WARD_B_TEMP_05 | 34.8 | CRITICAL
2026-06-04 15:43:44 | WARD_B_TEMP_01 | 37.3 | NORMAL
2026-06-04 15:43:44 | WARD_B_TEMP_02 | 34.8 | CRITICAL
2026-06-04 15:43:44 | WARD_B_TEMP_03 | 37.9 | WARNING
2026-06-04 15:43:44 | WARD_B_TEMP_04 | 36.3 | NORMAL
2026-06-04 15:43:44 | WARD_B_TEMP_05 | 37.3 | NORMAL
2026-06-04 15:43:45 | WARD_B_TEMP_01 | 35.4 | CRITICAL
2026-06-04 15:43:45 | WARD_B_TEMP_02 | 40.1 | CRITICAL
2026-06-04 15:43:45 | WARD_B_TEMP_03 | 40.0 | CRITICAL
2026-06-04 15:43:45 | WARD_B_TEMP_04 | 39.4 | CRITICAL
2026-06-04 15:43:45 | WARD_B_TEMP_05 | 40.1 | CRITICAL
2026-06-04 15:43:46 | WARD_B_TEMP_01 | 34.8 | CRITICAL
2026-06-04 15:43:46 | WARD_B_TEMP_02 | 34.9 | CRITICAL
2026-06-04 15:43:46 | WARD_B_TEMP_03 | 36.0 | NORMAL
2026-06-04 15:43:46 | WARD_B_TEMP_04 | 38.4 | CRITICAL
2026-06-04 15:43:46 | WARD_B_TEMP_05 | 37.0 | NORMAL
2026-06-04 15:43:47 | WARD_B_TEMP_01 | 36.1 | NORMAL
2026-06-04 15:43:47 | WARD_B_TEMP_02 | 38.3 | CRITICAL
2026-06-04 15:43:47 | WARD_B_TEMP_03 | 39.4 | CRITICAL
2026-06-04 15:43:47 | WARD_B_TEMP_04 | 37.2 | NORMAL
2026-06-04 15:43:47 | WARD_B_TEMP_05 | 36.5 | NORMAL
2026-06-04 15:43:48 | WARD_B_TEMP_01 | 38.4 | CRITICAL
2026-06-04 15:43:48 | WARD_B_TEMP_02 | 38.7 | CRITICAL
2026-06-04 15:43:48 | WARD_B_TEMP_03 | 35.4 | CRITICAL
2026-06-04 15:43:48 | WARD_B_TEMP_04 | 36.4 | NORMAL
2026-06-04 15:43:48 | WARD_B_TEMP_05 | 39.2 | CRITICAL
2026-06-04 15:43:49 | WARD_B_TEMP_01 | 35.1 | CRITICAL
2026-06-04 15:43:49 | WARD_B_TEMP_02 | 38.0 | WARNING
2026-06-04 15:43:49 | WARD_B_TEMP_03 | 40.3 | CRITICAL
2026-06-04 15:43:49 | WARD_B_TEMP_04 | 37.7 | WARNING
2026-06-04 15:43:49 | WARD_B_TEMP_05 | 34.6 | CRITICAL
2026-06-04 15:43:50 | WARD_B_TEMP_01 | 38.4 | CRITICAL
2026-06-04 15:43:50 | WARD_B_TEMP_02 | 38.9 | CRITICAL
2026-06-04 15:43:50 | WARD_B_TEMP_03 | 38.0 | WARNING
2026-06-04 15:43:50 | WARD_B_TEMP_04 | 40.5 | CRITICAL
2026-06-04 15:43:50 | WARD_B_TEMP_05 | 40.4 | CRITICAL
2026-06-04 15:43:51 | WARD_B_TEMP_01 | 37.7 | WARNING
2026-06-04 15:43:51 | WARD_B_TEMP_02 | 39.9 | CRITICAL
2026-06-04 15:43:51 | WARD_B_TEMP_03 | 36.8 | NORMAL
2026-06-04 15:43:51 | WARD_B_TEMP_04 | 39.0 | CRITICAL
2026-06-04 15:43:51 | WARD_B_TEMP_05 | 37.4 | NORMAL
2026-06-04 15:43:52 | WARD_B_TEMP_01 | 36.7 | NORMAL
2026-06-04 15:43:52 | WARD_B_TEMP_02 | 34.9 | CRITICAL
2026-06-04 15:43:52 | WARD_B_TEMP_03 | 35.1 | CRITICAL
2026-06-04 15:43:52 | WARD_B_TEMP_04 | 35.9 | NORMAL
2026-06-04 15:43:52 | WARD_B_TEMP_05 | 37.4 | NORMAL
2026-06-04 15:43:53 | WARD_B_TEMP_01 | 35.2 | CRITICAL
2026-06-04 15:43:53 | WARD_B_TEMP_02 | 35.3 | CRITICAL
2026-06-04 15:43:53 | WARD_B_TEMP_03 | 40.4 | CRITICAL
2026-06-04 15:43:53 | WARD_B_TEMP_04 | 37.8 | WARNING
2026-06-04 15:43:53 | WARD_B_TEMP_05 | 37.6 | WARNING
2026-06-04 15:43:54 | WARD_B_TEMP_01 | 37.5 | WARNING
2026-06-04 15:43:54 | WARD_B_TEMP_02 | 39.2 | CRITICAL
2026-06-04 15:43:54 | WARD_B_TEMP_03 | 35.9 | NORMAL
2026-06-04 15:43:54 | WARD_B_TEMP_04 | 36.6 | NORMAL
2026-06-04 15:43:54 | WARD_B_TEMP_05 | 36.7 | NORMAL
2026-06-04 15:43:55 | WARD_B_TEMP_01 | 35.9 | NORMAL
2026-06-04 15:43:55 | WARD_B_TEMP_02 | 38.7 | CRITICAL
2026-06-04 15:43:55 | WARD_B_TEMP_03 | 35.7 | NORMAL
2026-06-04 15:43:55 | WARD_B_TEMP_04 | 35.4 | CRITICAL
2026-06-04 15:43:55 | WARD_B_TEMP_05 | 37.8 | WARNING
2026-06-04 15:43:56 | WARD_B_TEMP_01 | 36.7 | NORMAL
2026-06-04 15:43:56 | WARD_B_TEMP_02 | 39.5 | CRITICAL
2026-06-04 15:43:56 | WARD_B_TEMP_03 | 40.2 | CRITICAL
2026-06-04 15:43:56 | WARD_B_TEMP_04 | 34.6 | CRITICAL
2026-06-04 15:43:56 | WARD_B_TEMP_05 | 37.1 | NORMAL
2026-06-04 15:43:57 | WARD_B_TEMP_01 | 40.3 | CRITICAL
2026-06-04 15:43:57 | WARD_B_TEMP_02 | 38.5 | CRITICAL
2026-06-04 15:43:57 | WARD_B_TEMP_03 | 35.2 | CRITICAL
2026-06-04 15:43:57 | WARD_B_TEMP_04 | 35.3 | CRITICAL
2026-06-04 15:43:57 | WARD_B_TEMP_05 | 37.1 | NORMAL
2026-06-04 15:43:58 | WARD_B_TEMP_01 | 35.1 | CRITICAL
2026-06-04 15:43:58 | WARD_B_TEMP_02 | 37.7 | WARNING
2026-06-04 15:43:58 | WARD_B_TEMP_03 | 35.0 | CRITICAL
2026-06-04 15:43:58 | WARD_B_TEMP_04 | 37.0 | NORMAL
2026-06-04 15:43:58 | WARD_B_TEMP_05 | 35.1 | CRITICAL
2026-06-04 15:43:59 | WARD_B_TEMP_01 | 40.3 | CRITICAL
2026-06-04 15:43:59 | WARD_B_TEMP_02 | 34.9 | CRITICAL
2026-06-04 15:43:59 | WARD_B_TEMP_03 | 36.7 | NORMAL
2026-06-04 15:43:59 | WARD_B_TEMP_04 | 39.2 | CRITICAL
2026-06-04 15:43:59 | WARD_B_TEMP_05 | 38.5 | CRITICAL
2026-06-04 15:44:00 | WARD_B_TEMP_01 | 40.1 | CRITICAL
2026-06-04 15:44:00 | WARD_B_TEMP_02 | 36.4 | NORMAL
2026-06-04 15:44:00 | WARD_B_TEMP_03 | 35.7 | NORMAL
2026-06-04 15:44:00 | WARD_B_TEMP_04 | 34.5 | CRITICAL
2026-06-04 15:44:00 | WARD_B_TEMP_05 | 36.5 | NORMAL
2026-06-04 15:44:01 | WARD_B_TEMP_01 | 38.3 | CRITICAL
2026-06-04 15:44:01 | WARD_B_TEMP_02 | 39.2 | CRITICAL
2026-06-04 15:44:01 | WARD_B_TEMP_03 | 38.2 | CRITICAL
2026-06-04 15:44:01 | WARD_B_TEMP_04 | 36.6 | NORMAL
2026-06-04 15:44:01 | WARD_B_TEMP_05 | 35.2 | CRITICAL
2026-06-04 15:44:02 | WARD_B_TEMP_01 | 37.4 | NORMAL
2026-06-04 15:44:02 | WARD_B_TEMP_02 | 37.3 | NORMAL
2026-06-04 15:44:02 | WARD_B_TEMP_03 | 36.1 | NORMAL
2026-06-04 15:44:02 | WARD_B_TEMP_04 | 39.0 | CRITICAL
2026-06-04 15:44:02 | WARD_B_TEMP_05 | 38.7 | CRITICAL
2026-06-04 15:44:03 | WARD_B_TEMP_01 | 37.0 | NORMAL
2026-06-04 15:44:03 | WARD_B_TEMP_02 | 38.8 | CRITICAL
2026-06-04 15:44:03 | WARD_B_TEMP_03 | 39.4 | CRITICAL
2026-06-04 15:44:03 | WARD_B_TEMP_04 | 38.6 | CRITICAL
2026-06-04 15:44:03 | WARD_B_TEMP_05 | 40.2 | CRITICAL
2026-06-04 15:44:04 | WARD_B_TEMP_01 | 37.3 | NORMAL
2026-06-04 15:44:04 | WARD_B_TEMP_02 | 38.2 | CRITICAL
2026-06-04 15:44:04 | WARD_B_TEMP_03 | 36.0 | NORMAL
2026-06-04 15:44:04 | WARD_B_TEMP_04 | 39.8 | CRITICAL
2026-06-04 15:44:04 | WARD_B_TEMP_05 | 37.6 | WARNING
2026-06-04 15:44:05 | WARD_B_TEMP_01 | 34.7 | CRITICAL
2026-06-04 15:44:05 | WARD_B_TEMP_02 | 40.1 | CRITICAL
2026-06-04 15:44:05 | WARD_B_TEMP_03 | 39.6 | CRITICAL
2026-06-04 15:44:05 | WARD_B_TEMP_04 | 34.8 | CRITICAL
2026-06-04 15:44:05 | WARD_B_TEMP_05 | 40.2 | CRITICAL
2026-06-04 15:44:06 | WARD_B_TEMP_01 | 36.0 | NORMAL
2026-06-04 15:44:06 | WARD_B_TEMP_02 | 38.2 | CRITICAL
2026-06-04 15:44:06 | WARD_B_TEMP_03 | 35.6 | NORMAL
2026-06-04 15:44:06 | WARD_B_TEMP_04 | 40.2 | CRITICAL
2026-06-04 15:44:06 | WARD_B_TEMP_05 | 38.8 | CRITICAL
2026-06-04 15:44:07 | WARD_B_TEMP_01 | 34.5 | CRITICAL
2026-06-04 15:44:07 | WARD_B_TEMP_02 | 35.1 | CRITICAL
2026-06-04 15:44:07 | WARD_B_TEMP_03 | 37.8 | WARNING
2026-06-04 15:44:07 | WARD_B_TEMP_04 | 39.5 | CRITICAL
2026-06-04 15:44:07 | WARD_B_TEMP_05 | 38.8 | CRITICAL
2026-06-04 15:44:08 | WARD_B_TEMP_01 | 37.2 | NORMAL
2026-06-04 15:44:08 | WARD_B_TEMP_02 | 39.1 | CRITICAL
2026-06-04 15:44:08 | WARD_B_TEMP_03 | 37.6 | WARNING
2026-06-04 15:44:08 | WARD_B_TEMP_04 | 38.0 | WARNING
2026-06-04 15:44:08 | WARD_B_TEMP_05 | 37.9 | WARNING
2026-06-04 15:44:09 | WARD_B_TEMP_01 | 38.8 | CRITICAL
2026-06-04 15:44:09 | WARD_B_TEMP_02 | 40.0 | CRITICAL
2026-06-04 15:44:09 | WARD_B_TEMP_03 | 39.3 | CRITICAL
2026-06-04 15:44:09 | WARD_B_TEMP_04 | 35.8 | NORMAL
2026-06-04 15:44:09 | WARD_B_TEMP_05 | 35.5 | NORMAL
2026-06-04 15:44:10 | WARD_B_TEMP_01 | 38.9 | CRITICAL
2026-06-04 15:44:10 | WARD_B_TEMP_02 | 37.0 | NORMAL
2026-06-04 15:44:10 | WARD_B_TEMP_03 | 36.4 | NORMAL
2026-06-04 15:44:10 | WARD_B_TEMP_04 | 37.0 | NORMAL
2026-06-04 15:44:10 | WARD_B_TEMP_05 | 38.1 | CRITICAL
2026-06-04 15:44:11 | WARD_B_TEMP_01 | 36.2 | NORMAL
2026-06-04 15:44:11 | WARD_B_TEMP_02 | 36.7 | NORMAL
2026-06-04 15:44:11 | WARD_B_TEMP_03 | 36.4 | NORMAL
2026-06-04 15:44:11 | WARD_B_TEMP_04 | 36.9 | NORMAL
2026-06-04 15:44:11 | WARD_B_TEMP_05 | 36.8 | NORMAL
2026-06-04 15:44:12 | WARD_B_TEMP_01 | 40.1 | CRITICAL
2026-06-04 15:44:12 | WARD_B_TEMP_02 | 34.7 | CRITICAL
2026-06-04 15:44:12 | WARD_B_TEMP_03 | 35.5 | NORMAL
2026-06-04 15:44:12 | WARD_B_TEMP_04 | 36.9 | NORMAL
2026-06-04 15:44:12 | WARD_B_TEMP_05 | 38.1 | CRITICAL
2026-06-04 15:44:13 | WARD_B_TEMP_01 | 36.2 | NORMAL
2026-06-04 15:44:13 | WARD_B_TEMP_02 | 37.2 | NORMAL
2026-06-04 15:44:13 | WARD_B_TEMP_03 | 37.7 | WARNING
2026-06-04 15:44:13 | WARD_B_TEMP_04 | 38.2 | CRITICAL
2026-06-04 15:44:13 | WARD_B_TEMP_05 | 35.8 | NORMAL
2026-06-04 15:44:14 | WARD_B_TEMP_01 | 37.5 | WARNING
2026-06-04 15:44:14 | WARD_B_TEMP_02 | 35.4 | CRITICAL
2026-06-04 15:44:14 | WARD_B_TEMP_03 | 37.3 | NORMAL
2026-06-04 15:44:14 | WARD_B_TEMP_04 | 35.7 | NORMAL
2026-06-04 15:44:14 | WARD_B_TEMP_05 | 35.0 | CRITICAL
2026-06-04 15:44:15 | WARD_B_TEMP_01 | 38.7 | CRITICAL
2026-06-04 15:44:15 | WARD_B_TEMP_02 | 38.5 | CRITICAL
2026-06-04 15:44:15 | WARD_B_TEMP_03 | 36.7 | NORMAL
2026-06-04 15:44:15 | WARD_B_TEMP_04 | 38.3 | CRITICAL
2026-06-04 15:44:15 | WARD_B_TEMP_05 | 36.0 | NORMAL
2026-06-04 15:44:16 | WARD_B_TEMP_01 | 35.6 | NORMAL
2026-06-04 15:44:16 | WARD_B_TEMP_02 | 38.1 | CRITICAL
2026-06-04 15:44:16 | WARD_B_TEMP_03 | 35.3 | CRITICAL
2026-06-04 15:44:16 | WARD_B_TEMP_04 | 35.2 | CRITICAL
2026-06-04 15:44:16 | WARD_B_TEMP_05 | 39.6 | CRITICAL
2026-06-04 15:44:17 | WARD_B_TEMP_01 | 35.3 | CRITICAL
2026-06-04 15:44:17 | WARD_B_TEMP_02 | 39.9 | CRITICAL
2026-06-04 15:44:17 | WARD_B_TEMP_03 | 36.8 | NORMAL
2026-06-04 15:44:17 | WARD_B_TEMP_04 | 38.2 | CRITICAL
2026-06-04 15:44:17 | WARD_B_TEMP_05 | 36.2 | NORMAL
2026-06-04 15:44:18 | WARD_B_TEMP_01 | 36.4 | NORMAL
2026-06-04 15:44:18 | WARD_B_TEMP_02 | 36.8 | NORMAL
2026-06-04 15:44:18 | WARD_B_TEMP_03 | 35.4 | CRITICAL
2026-06-04 15:44:18 | WARD_B_TEMP_04 | 37.1 | NORMAL
2026-06-04 15:44:18 | WARD_B_TEMP_05 | 35.6 | NORMAL
2026-06-04 15:44:19 | WARD_B_TEMP_01 | 40.5 | CRITICAL
2026-06-04 15:44:19 | WARD_B_TEMP_02 | 38.1 | CRITICAL
2026-06-04 15:44:19 | WARD_B_TEMP_03 | 36.2 | NORMAL
2026-06-04 15:44:19 | WARD_B_TEMP_04 | 36.2 | NORMAL
2026-06-04 15:44:19 | WARD_B_TEMP_05 | 37.4 | NORMAL
2026-06-04 15:44:20 | WARD_B_TEMP_01 | 39.9 | CRITICAL
2026-06-04 15:44:20 | WARD_B_TEMP_02 | 34.6 | CRITICAL
2026-06-04 15:44:20 | WARD_B_TEMP_03 | 39.6 | CRITICAL
2026-06-04 15:44:20 | WARD_B_TEMP_04 | 37.5 | WARNING
2026-06-04 15:44:20 | WARD_B_TEMP_05 | 35.9 | NORMAL
2026-06-04 15:44:21 | WARD_B_TEMP_01 | 35.0 | CRITICAL
2026-06-04 15:44:21 | WARD_B_TEMP_02 | 39.4 | CRITICAL
2026-06-04 15:44:21 | WARD_B_TEMP_03 | 36.0 | NORMAL
2026-06-04 15:44:21 | WARD_B_TEMP_04 | 35.2 | CRITICAL
2026-06-04 15:44:21 | WARD_B_TEMP_05 | 35.3 | CRITICAL
2026-06-04 15:44:22 | WARD_B_TEMP_01 | 35.6 | NORMAL
2026-06-04 15:44:22 | WARD_B_TEMP_02 | 40.3 | CRITICAL
2026-06-04 15:44:22 | WARD_B_TEMP_03 | 36.4 | NORMAL
2026-06-04 15:44:22 | WARD_B_TEMP_04 | 39.1 | CRITICAL
2026-06-04 15:44:22 | WARD_B_TEMP_05 | 36.9 | NORMAL
2026-06-04 15:44:23 | WARD_B_TEMP_01 | 36.7 | NORMAL
2026-06-04 15:44:23 | WARD_B_TEMP_02 | 40.2 | CRITICAL
2026-06-04 15:44:23 | WARD_B_TEMP_03 | 35.2 | CRITICAL
2026-06-04 15:44:23 | WARD_B_TEMP_04 | 36.6 | NORMAL
2026-06-04 15:44:23 | WARD_B_TEMP_05 | 40.3 | CRITICAL
2026-06-04 15:44:24 | WARD_B_TEMP_01 | 39.2 | CRITICAL
2026-06-04 15:44:24 | WARD_B_TEMP_02 | 38.7 | CRITICAL
2026-06-04 15:44:24 | WARD_B_TEMP_03 | 35.2 | CRITICAL
2026-06-04 15:44:24 | WARD_B_TEMP_04 | 38.0 | WARNING
2026-06-04 15:44:24 | WARD_B_TEMP_05 | 35.0 | CRITICAL
2026-06-04 15:44:25 | WARD_B_TEMP_01 | 39.3 | CRITICAL
2026-06-04 15:44:25 | WARD_B_TEMP_02 | 37.7 | WARNING
2026-06-04 15:44:25 | WARD_B_TEMP_03 | 36.6 | NORMAL
2026-06-04 15:44:25 | WARD_B_TEMP_04 | 39.3 | CRITICAL
2026-06-04 15:44:25 | WARD_B_TEMP_05 | 37.7 | WARNING
2026-06-04 15:44:26 | WARD_B_TEMP_01 | 40.4 | CRITICAL
2026-06-04 15:44:26 | WARD_B_TEMP_02 | 40.1 | CRITICAL
2026-06-04 15:44:26 | WARD_B_TEMP_03 | 35.3 | CRITICAL
2026-06-04 15:44:26 | WARD_B_TEMP_04 | 38.2 | CRITICAL
2026-06-04 15:44:26 | WARD_B_TEMP_05 | 35.2 | CRITICAL
2026-06-04 15:44:27 | WARD_B_TEMP_01 | 39.7 | CRITICAL
2026-06-04 15:44:27 | WARD_B_TEMP_02 | 35.3 | CRITICAL
2026-06-04 15:44:27 | WARD_B_TEMP_03 | 36.3 | NORMAL
2026-06-04 15:44:27 | WARD_B_TEMP_04 | 37.6 | WARNING
2026-06-04 15:44:27 | WARD_B_TEMP_05 | 40.0 | CRITICAL
2026-06-04 15:44:28 | WARD_B_TEMP_01 | 35.1 | CRITICAL
2026-06-04 15:44:28 | WARD_B_TEMP_02 | 38.8 | CRITICAL
2026-06-04 15:44:28 | WARD_B_TEMP_03 | 40.2 | CRITICAL
2026-06-04 15:44:28 | WARD_B_TEMP_04 | 35.2 | CRITICAL
2026-06-04 15:44:28 | WARD_B_TEMP_05 | 36.2 | NORMAL
2026-06-04 15:44:29 | WARD_B_TEMP_01 | 38.5 | CRITICAL
2026-06-04 15:44:29 | WARD_B_TEMP_02 | 36.4 | NORMAL
2026-06-04 15:44:29 | WARD_B_TEMP_03 | 39.4 | CRITICAL
2026-06-04 15:44:29 | WARD_B_TEMP_04 | 40.1 | CRITICAL
2026-06-04 15:44:29 | WARD_B_TEMP_05 | 38.2 | CRITICAL
2026-06-04 15:44:30 | WARD_B_TEMP_01 | 39.0 | CRITICAL
2026-06-04 15:44:30 | WARD_B_TEMP_02 | 40.1 | CRITICAL
2026-06-04 15:44:30 | WARD_B_TEMP_03 | 37.0 | NORMAL
2026-06-04 15:44:30 | WARD_B_TEMP_04 | 40.0 | CRITICAL
2026-06-04 15:44:30 | WARD_B_TEMP_05 | 39.0 | CRITICAL
2026-06-04 15:44:31 | WARD_B_TEMP_01 | 39.8 | CRITICAL
2026-06-04 15:44:31 | WARD_B_TEMP_02 | 40.2 | CRITICAL
2026-06-04 15:44:31 | WARD_B_TEMP_03 | 38.9 | CRITICAL
2026-06-04 15:44:31 | WARD_B_TEMP_04 | 37.5 | WARNING
2026-06-04 15:44:31 | WARD_B_TEMP_05 | 34.6 | CRITICAL
2026-06-04 15:44:32 | WARD_B_TEMP_01 | 40.5 | CRITICAL
2026-06-04 15:44:32 | WARD_B_TEMP_02 | 38.7 | CRITICAL
2026-06-04 15:44:32 | WARD_B_TEMP_03 | 40.0 | CRITICAL
2026-06-04 15:44:32 | WARD_B_TEMP_04 | 36.4 | NORMAL
2026-06-04 15:44:32 | WARD_B_TEMP_05 | 38.6 | CRITICAL
2026-06-04 15:44:33 | WARD_B_TEMP_01 | 35.4 | CRITICAL
2026-06-04 15:44:33 | WARD_B_TEMP_02 | 36.5 | NORMAL
2026-06-04 15:44:33 | WARD_B_TEMP_03 | 40.0 | CRITICAL
2026-06-04 15:44:33 | WARD_B_TEMP_04 | 39.7 | CRITICAL
2026-06-04 15:44:33 | WARD_B_TEMP_05 | 35.9 | NORMAL
2026-06-04 15:44:34 | WARD_B_TEMP_01 | 37.2 | NORMAL
2026-06-04 15:44:34 | WARD_B_TEMP_02 | 40.0 | CRITICAL
2026-06-04 15:44:34 | WARD_B_TEMP_03 | 35.7 | NORMAL
2026-06-04 15:44:34 | WARD_B_TEMP_04 | 36.7 | NORMAL
2026-06-04 15:44:34 | WARD_B_TEMP_05 | 37.8 | WARNING
2026-06-04 15:44:35 | WARD_B_TEMP_01 | 37.3 | NORMAL
2026-06-04 15:44:35 | WARD_B_TEMP_02 | 35.3 | CRITICAL
2026-06-04 15:44:35 | WARD_B_TEMP_03 | 36.6 | NORMAL
2026-06-04 15:44:35 | WARD_B_TEMP_04 | 36.9 | NORMAL
2026-06-04 15:44:35 | WARD_B_TEMP_05 | 38.2 | CRITICAL
2026-06-04 15:44:36 | WARD_B_TEMP_01 | 37.9 | WARNING
2026-06-04 15:44:36 | WARD_B_TEMP_02 | 34.9 | CRITICAL
2026-06-04 15:44:36 | WARD_B_TEMP_03 | 35.4 | CRITICAL
2026-06-04 15:44:36 | WARD_B_TEMP_04 | 37.8 | WARNING
2026-06-04 15:44:36 | WARD_B_TEMP_05 | 39.6 | CRITICAL
2026-06-04 15:44:37 | WARD_B_TEMP_01 | 35.8 | NORMAL
2026-06-04 15:44:37 | WARD_B_TEMP_02 | 40.1 | CRITICAL
2026-06-04 15:44:37 | WARD_B_TEMP_03 | 38.0 | WARNING
2026-06-04 15:44:37 | WARD_B_TEMP_04 | 38.7 | CRITICAL
2026-06-04 15:44:37 | WARD_B_TEMP_05 | 40.2 | CRITICAL
2026-06-04 15:44:38 | WARD_B_TEMP_01 | 38.5 | CRITICAL
2026-06-04 15:44:38 | WARD_B_TEMP_02 | 40.2 | CRITICAL
2026-06-04 15:44:38 | WARD_B_TEMP_03 | 39.9 | CRITICAL
2026-06-04 15:44:38 | WARD_B_TEMP_04 | 37.3 | NORMAL
2026-06-04 15:44:38 | WARD_B_TEMP_05 | 35.3 | CRITICAL
2026-06-04 15:44:39 | WARD_B_TEMP_01 | 40.4 | CRITICAL
2026-06-04 15:44:39 | WARD_B_TEMP_02 | 36.8 | NORMAL
2026-06-04 15:44:39 | WARD_B_TEMP_03 | 35.5 | NORMAL
2026-06-04 15:44:39 | WARD_B_TEMP_04 | 38.3 | CRITICAL
2026-06-04 15:44:39 | WARD_B_TEMP_05 | 40.2 | CRITICAL
2026-06-04 15:44:40 | WARD_B_TEMP_01 | 36.2 | NORMAL
2026-06-04 15:44:40 | WARD_B_TEMP_02 | 36.8 | NORMAL
2026-06-04 15:44:40 | WARD_B_TEMP_03 | 35.5 | NORMAL
2026-06-04 15:44:40 | WARD_B_TEMP_04 | 40.4 | CRITICAL
2026-06-04 15:44:40 | WARD_B_TEMP_05 | 39.7 | CRITICAL
2026-06-04 15:44:41 | WARD_B_TEMP_01 | 36.1 | NORMAL
2026-06-04 15:44:41 | WARD_B_TEMP_02 | 38.8 | CRITICAL
2026-06-04 15:44:41 | WARD_B_TEMP_03 | 37.5 | WARNING
2026-06-04 15:44:41 | WARD_B_TEMP_04 | 34.7 | CRITICAL
2026-06-04 15:44:41 | WARD_B_TEMP_05 | 39.5 | CRITICAL
2026-06-04 15:44:42 | WARD_B_TEMP_01 | 38.5 | CRITICAL
2026-06-04 15:44:42 | WARD_B_TEMP_02 | 36.1 | NORMAL
2026-06-04 15:44:42 | WARD_B_TEMP_03 | 39.7 | CRITICAL
2026-06-04 15:44:42 | WARD_B_TEMP_04 | 35.5 | NORMAL
2026-06-04 15:44:42 | WARD_B_TEMP_05 | 36.0 | NORMAL
2026-06-04 15:44:43 | WARD_B_TEMP_01 | 38.4 | CRITICAL
2026-06-04 15:44:43 | WARD_B_TEMP_02 | 39.4 | CRITICAL
2026-06-04 15:44:43 | WARD_B_TEMP_03 | 38.8 | CRITICAL
2026-06-04 15:44:43 | WARD_B_TEMP_04 | 39.2 | CRITICAL
2026-06-04 15:44:43 | WARD_B_TEMP_05 | 40.4 | CRITICAL
2026-06-04 15:44:44 | WARD_B_TEMP_01 | 35.5 | NORMAL
2026-06-04 15:44:44 | WARD_B_TEMP_02 | 37.1 | NORMAL
2026-06-04 15:44:44 | WARD_B_TEMP_03 | 35.8 | NORMAL
2026-06-04 15:44:44 | WARD_B_TEMP_04 | 37.3 | NORMAL
2026-06-04 15:44:44 | WARD_B_TEMP_05 | 35.5 | NORMAL
2026-06-04 15:44:46 | WARD_B_TEMP_01 | 35.0 | CRITICAL
2026-06-04 15:44:46 | WARD_B_TEMP_02 | 36.3 | NORMAL
2026-06-04 15:44:46 | WARD_B_TEMP_03 | 38.7 | CRITICAL
2026-06-04 15:44:46 | WARD_B_TEMP_04 | 39.6 | CRITICAL
2026-06-04 15:44:46 | WARD_B_TEMP_05 | 36.2 | NORMAL
2026-06-04 15:44:47 | WARD_B_TEMP_01 | 37.7 | WARNING
2026-06-04 15:44:47 | WARD_B_TEMP_02 | 38.9 | CRITICAL
2026-06-04 15:44:47 | WARD_B_TEMP_03 | 39.0 | CRITICAL
2026-06-04 15:44:47 | WARD_B_TEMP_04 | 38.0 | WARNING
2026-06-04 15:44:47 | WARD_B_TEMP_05 | 38.1 | CRITICAL
2026-06-04 15:44:48 | WARD_B_TEMP_01 | 39.2 | CRITICAL
2026-06-04 15:44:48 | WARD_B_TEMP_02 | 40.4 | CRITICAL
2026-06-04 15:44:48 | WARD_B_TEMP_03 | 39.4 | CRITICAL
2026-06-04 15:44:48 | WARD_B_TEMP_04 | 34.5 | CRITICAL
2026-06-04 15:44:48 | WARD_B_TEMP_05 | 35.8 | NORMAL
2026-06-04 15:44:49 | WARD_B_TEMP_01 | 39.4 | CRITICAL
2026-06-04 15:44:49 | WARD_B_TEMP_02 | 40.2 | CRITICAL
2026-06-04 15:44:49 | WARD_B_TEMP_03 | 39.5 | CRITICAL
2026-06-04 15:44:49 | WARD_B_TEMP_04 | 36.4 | NORMAL
2026-06-04 15:44:49 | WARD_B_TEMP_05 | 39.2 | CRITICAL
2026-06-04 15:44:50 | WARD_B_TEMP_01 | 38.6 | CRITICAL
2026-06-04 15:44:50 | WARD_B_TEMP_02 | 40.1 | CRITICAL
2026-06-04 15:44:50 | WARD_B_TEMP_03 | 39.7 | CRITICAL
2026-06-04 15:44:50 | WARD_B_TEMP_04 | 37.0 | NORMAL
2026-06-04 15:44:50 | WARD_B_TEMP_05 | 40.5 | CRITICAL
2026-06-04 15:44:51 | WARD_B_TEMP_01 | 37.1 | NORMAL
2026-06-04 15:44:51 | WARD_B_TEMP_02 | 36.1 | NORMAL
2026-06-04 15:44:51 | WARD_B_TEMP_03 | 35.0 | CRITICAL
2026-06-04 15:44:51 | WARD_B_TEMP_04 | 40.4 | CRITICAL
2026-06-04 15:44:51 | WARD_B_TEMP_05 | 39.8 | CRITICAL
2026-06-04 15:44:52 | WARD_B_TEMP_01 | 39.1 | CRITICAL
2026-06-04 15:44:52 | WARD_B_TEMP_02 | 40.3 | CRITICAL
2026-06-04 15:44:52 | WARD_B_TEMP_03 | 34.5 | CRITICAL
2026-06-04 15:44:52 | WARD_B_TEMP_04 | 34.7 | CRITICAL
2026-06-04 15:44:52 | WARD_B_TEMP_05 | 37.9 | WARNING
2026-06-04 15:44:53 | WARD_B_TEMP_01 | 36.7 | NORMAL
2026-06-04 15:44:53 | WARD_B_TEMP_02 | 37.7 | WARNING
2026-06-04 15:44:53 | WARD_B_TEMP_03 | 35.4 | CRITICAL
2026-06-04 15:44:53 | WARD_B_TEMP_04 | 34.7 | CRITICAL
2026-06-04 15:44:53 | WARD_B_TEMP_05 | 35.3 | CRITICAL
2026-06-04 15:44:54 | WARD_B_TEMP_01 | 35.8 | NORMAL
2026-06-04 15:44:54 | WARD_B_TEMP_02 | 38.8 | CRITICAL
2026-06-04 15:44:54 | WARD_B_TEMP_03 | 35.2 | CRITICAL
2026-06-04 15:44:54 | WARD_B_TEMP_04 | 40.4 | CRITICAL
2026-06-04 15:44:54 | WARD_B_TEMP_05 | 39.5 | CRITICAL
2026-06-04 15:44:55 | WARD_B_TEMP_01 | 34.9 | CRITICAL
2026-06-04 15:44:55 | WARD_B_TEMP_02 | 40.0 | CRITICAL
2026-06-04 15:44:55 | WARD_B_TEMP_03 | 35.9 | NORMAL
2026-06-04 15:44:55 | WARD_B_TEMP_04 | 38.9 | CRITICAL
2026-06-04 15:44:55 | WARD_B_TEMP_05 | 36.5 | NORMAL
2026-06-04 15:44:56 | WARD_B_TEMP_01 | 34.9 | CRITICAL
2026-06-04 15:44:56 | WARD_B_TEMP_02 | 36.3 | NORMAL
2026-06-04 15:44:56 | WARD_B_TEMP_03 | 38.6 | CRITICAL
2026-06-04 15:44:56 | WARD_B_TEMP_04 | 37.5 | WARNING
2026-06-04 15:44:56 | WARD_B_TEMP_05 | 40.0 | CRITICAL
2026-06-04 15:44:57 | WARD_B_TEMP_01 | 36.2 | NORMAL
2026-06-04 15:44:57 | WARD_B_TEMP_02 | 36.4 | NORMAL
2026-06-04 15:44:57 | WARD_B_TEMP_03 | 38.6 | CRITICAL
2026-06-04 15:44:57 | WARD_B_TEMP_04 | 39.7 | CRITICAL
2026-06-04 15:44:57 | WARD_B_TEMP_05 | 36.3 | NORMAL
2026-06-04 15:44:58 | WARD_B_TEMP_01 | 34.8 | CRITICAL
2026-06-04 15:44:58 | WARD_B_TEMP_02 | 35.3 | CRITICAL
2026-06-04 15:44:58 | WARD_B_TEMP_03 | 36.6 | NORMAL
2026-06-04 15:44:58 | WARD_B_TEMP_04 | 37.0 | NORMAL
2026-06-04 15:44:58 | WARD_B_TEMP_05 | 38.0 | WARNING
2026-06-04 15:44:59 | WARD_B_TEMP_01 | 36.5 | NORMAL
2026-06-04 15:44:59 | WARD_B_TEMP_02 | 37.6 | WARNING
2026-06-04 15:44:59 | WARD_B_TEMP_03 | 37.6 | WARNING
2026-06-04 15:44:59 | WARD_B_TEMP_04 | 38.5 | CRITICAL
2026-06-04 15:44:59 | WARD_B_TEMP_05 | 39.3 | CRITICAL
2026-06-04 15:45:00 | WARD_B_TEMP_01 | 39.8 | CRITICAL
2026-06-04 15:45:00 | WARD_B_TEMP_02 | 36.9 | NORMAL
2026-06-04 15:45:00 | WARD_B_TEMP_03 | 35.5 | NORMAL
2026-06-04 15:45:00 | WARD_B_TEMP_04 | 36.4 | NORMAL
2026-06-04 15:45:00 | WARD_B_TEMP_05 | 34.8 | CRITICAL
2026-06-04 15:45:01 | WARD_B_TEMP_01 | 39.2 | CRITICAL
2026-06-04 15:45:01 | WARD_B_TEMP_02 | 38.6 | CRITICAL
2026-06-04 15:45:01 | WARD_B_TEMP_03 | 37.0 | NORMAL
2026-06-04 15:45:01 | WARD_B_TEMP_04 | 37.4 | NORMAL
2026-06-04 15:45:01 | WARD_B_TEMP_05 | 37.4 | NORMAL
2026-06-04 15:45:02 | WARD_B_TEMP_01 | 35.5 | NORMAL
2026-06-04 15:45:02 | WARD_B_TEMP_02 | 36.3 | NORMAL
2026-06-04 15:45:02 | WARD_B_TEMP_03 | 38.6 | CRITICAL
2026-06-04 15:45:02 | WARD_B_TEMP_04 | 38.2 | CRITICAL
2026-06-04 15:45:02 | WARD_B_TEMP_05 | 35.3 | CRITICAL
2026-06-04 15:45:03 | WARD_B_TEMP_01 | 36.7 | NORMAL
2026-06-04 15:45:03 | WARD_B_TEMP_02 | 36.9 | NORMAL
2026-06-04 15:45:03 | WARD_B_TEMP_03 | 37.5 | WARNING
2026-06-04 15:45:03 | WARD_B_TEMP_04 | 38.0 | WARNING
2026-06-04 15:45:03 | WARD_B_TEMP_05 | 37.1 | NORMAL
2026-06-04 15:45:04 | WARD_B_TEMP_01 | 38.4 | CRITICAL
2026-06-04 15:45:04 | WARD_B_TEMP_02 | 36.0 | NORMAL
2026-06-04 15:45:04 | WARD_B_TEMP_03 | 39.1 | CRITICAL
2026-06-04 15:45:04 | WARD_B_TEMP_04 | 38.0 | WARNING
2026-06-04 15:45:04 | WARD_B_TEMP_05 | 35.3 | CRITICAL
2026-06-04 15:45:05 | WARD_B_TEMP_01 | 39.5 | CRITICAL
2026-06-04 15:45:05 | WARD_B_TEMP_02 | 38.6 | CRITICAL
2026-06-04 15:45:05 | WARD_B_TEMP_03 | 36.6 | NORMAL
2026-06-04 15:45:05 | WARD_B_TEMP_04 | 37.9 | WARNING
2026-06-04 15:45:05 | WARD_B_TEMP_05 | 37.7 | WARNING
2026-06-04 15:45:06 | WARD_B_TEMP_01 | 36.5 | NORMAL
2026-06-04 15:45:06 | WARD_B_TEMP_02 | 37.4 | NORMAL
2026-06-04 15:45:06 | WARD_B_TEMP_03 | 38.5 | CRITICAL
2026-06-04 15:45:06 | WARD_B_TEMP_04 | 35.4 | CRITICAL
2026-06-04 15:45:06 | WARD_B_TEMP_05 | 36.4 | NORMAL
2026-06-04 15:45:07 | WARD_B_TEMP_01 | 38.7 | CRITICAL
2026-06-04 15:45:07 | WARD_B_TEMP_02 | 38.9 | CRITICAL
2026-06-04 15:45:07 | WARD_B_TEMP_03 | 38.6 | CRITICAL
2026-06-04 15:45:07 | WARD_B_TEMP_04 | 40.2 | CRITICAL
2026-06-04 15:45:07 | WARD_B_TEMP_05 | 38.5 | CRITICAL
2026-06-04 15:45:08 | WARD_B_TEMP_01 | 37.1 | NORMAL
2026-06-04 15:45:08 | WARD_B_TEMP_02 | 37.6 | WARNING
2026-06-04 15:45:08 | WARD_B_TEMP_03 | 34.5 | CRITICAL
2026-06-04 15:45:08 | WARD_B_TEMP_04 | 35.9 | NORMAL
2026-06-04 15:45:08 | WARD_B_TEMP_05 | 39.1 | CRITICAL
2026-06-04 15:45:09 | WARD_B_TEMP_01 | 35.7 | NORMAL
2026-06-04 15:45:09 | WARD_B_TEMP_02 | 37.2 | NORMAL
2026-06-04 15:45:09 | WARD_B_TEMP_03 | 34.9 | CRITICAL
2026-06-04 15:45:09 | WARD_B_TEMP_04 | 35.3 | CRITICAL
2026-06-04 15:45:09 | WARD_B_TEMP_05 | 34.9 | CRITICAL
2026-06-04 15:45:10 | WARD_B_TEMP_01 | 39.0 | CRITICAL
2026-06-04 15:45:10 | WARD_B_TEMP_02 | 39.2 | CRITICAL
2026-06-04 15:45:10 | WARD_B_TEMP_03 | 38.6 | CRITICAL
2026-06-04 15:45:10 | WARD_B_TEMP_04 | 38.1 | CRITICAL
2026-06-04 15:45:10 | WARD_B_TEMP_05 | 36.2 | NORMAL
2026-06-04 15:45:11 | WARD_B_TEMP_01 | 34.8 | CRITICAL
2026-06-04 15:45:11 | WARD_B_TEMP_02 | 39.0 | CRITICAL
2026-06-04 15:45:11 | WARD_B_TEMP_03 | 35.5 | NORMAL
2026-06-04 15:45:11 | WARD_B_TEMP_04 | 38.3 | CRITICAL
2026-06-04 15:45:11 | WARD_B_TEMP_05 | 39.8 | CRITICAL
2026-06-04 15:45:12 | WARD_B_TEMP_01 | 38.8 | CRITICAL
2026-06-04 15:45:12 | WARD_B_TEMP_02 | 36.0 | NORMAL
2026-06-04 15:45:12 | WARD_B_TEMP_03 | 35.8 | NORMAL
2026-06-04 15:45:12 | WARD_B_TEMP_04 | 38.1 | CRITICAL
2026-06-04 15:45:12 | WARD_B_TEMP_05 | 37.9 | WARNING
2026-06-04 15:45:13 | WARD_B_TEMP_01 | 37.4 | NORMAL
2026-06-04 15:45:13 | WARD_B_TEMP_02 | 36.5 | NORMAL
2026-06-04 15:45:13 | WARD_B_TEMP_03 | 35.7 | NORMAL
2026-06-04 15:45:13 | WARD_B_TEMP_04 | 38.7 | CRITICAL
2026-06-04 15:45:13 | WARD_B_TEMP_05 | 39.5 | CRITICAL
2026-06-04 15:45:14 | WARD_B_TEMP_01 | 39.8 | CRITICAL
2026-06-04 15:45:14 | WARD_B_TEMP_02 | 37.1 | NORMAL
2026-06-04 15:45:14 | WARD_B_TEMP_03 | 37.5 | WARNING
2026-06-04 15:45:14 | WARD_B_TEMP_04 | 38.4 | CRITICAL
2026-06-04 15:45:14 | WARD_B_TEMP_05 | 39.8 | CRITICAL
2026-06-04 15:45:15 | WARD_B_TEMP_01 | 35.3 | CRITICAL
2026-06-04 15:45:15 | WARD_B_TEMP_02 | 36.1 | NORMAL
2026-06-04 15:45:15 | WARD_B_TEMP_03 | 38.7 | CRITICAL
2026-06-04 15:45:15 | WARD_B_TEMP_04 | 36.7 | NORMAL
2026-06-04 15:45:15 | WARD_B_TEMP_05 | 35.6 | NORMAL
2026-06-04 15:45:16 | WARD_B_TEMP_01 | 38.6 | CRITICAL
2026-06-04 15:45:16 | WARD_B_TEMP_02 | 36.7 | NORMAL
2026-06-04 15:45:16 | WARD_B_TEMP_03 | 36.0 | NORMAL
2026-06-04 15:45:16 | WARD_B_TEMP_04 | 40.4 | CRITICAL
2026-06-04 15:45:16 | WARD_B_TEMP_05 | 35.8 | NORMAL
2026-06-04 15:45:17 | WARD_B_TEMP_01 | 39.0 | CRITICAL
2026-06-04 15:45:17 | WARD_B_TEMP_02 | 40.4 | CRITICAL
2026-06-04 15:45:17 | WARD_B_TEMP_03 | 39.6 | CRITICAL
2026-06-04 15:45:17 | WARD_B_TEMP_04 | 36.3 | NORMAL
2026-06-04 15:45:17 | WARD_B_TEMP_05 | 35.9 | NORMAL
2026-06-04 15:45:18 | WARD_B_TEMP_01 | 35.4 | CRITICAL
2026-06-04 15:45:18 | WARD_B_TEMP_02 | 35.5 | NORMAL
2026-06-04 15:45:18 | WARD_B_TEMP_03 | 39.7 | CRITICAL
2026-06-04 15:45:18 | WARD_B_TEMP_04 | 38.3 | CRITICAL
2026-06-04 15:45:18 | WARD_B_TEMP_05 | 40.2 | CRITICAL
2026-06-04 15:45:19 | WARD_B_TEMP_01 | 40.1 | CRITICAL
2026-06-04 15:45:19 | WARD_B_TEMP_02 | 38.3 | CRITICAL
2026-06-04 15:45:19 | WARD_B_TEMP_03 | 39.1 | CRITICAL
2026-06-04 15:45:19 | WARD_B_TEMP_04 | 36.3 | NORMAL
2026-06-04 15:45:19 | WARD_B_TEMP_05 | 38.9 | CRITICAL
2026-06-04 15:45:20 | WARD_B_TEMP_01 | 37.4 | NORMAL
2026-06-04 15:45:20 | WARD_B_TEMP_02 | 36.5 | NORMAL
2026-06-04 15:45:20 | WARD_B_TEMP_03 | 39.3 | CRITICAL
2026-06-04 15:45:20 | WARD_B_TEMP_04 | 36.1 | NORMAL
2026-06-04 15:45:20 | WARD_B_TEMP_05 | 36.7 | NORMAL
2026-06-04 15:45:21 | WARD_B_TEMP_01 | 35.6 | NORMAL
2026-06-04 15:45:21 | WARD_B_TEMP_02 | 36.4 | NORMAL
2026-06-04 15:45:21 | WARD_B_TEMP_03 | 36.6 | NORMAL
2026-06-04 15:45:21 | WARD_B_TEMP_04 | 36.1 | NORMAL
2026-06-04 15:45:21 | WARD_B_TEMP_05 | 37.3 | NORMAL
2026-06-04 15:45:22 | WARD_B_TEMP_01 | 35.5 | NORMAL
2026-06-04 15:45:22 | WARD_B_TEMP_02 | 36.7 | NORMAL
2026-06-04 15:45:22 | WARD_B_TEMP_03 | 34.6 | CRITICAL
2026-06-04 15:45:22 | WARD_B_TEMP_04 | 39.2 | CRITICAL
2026-06-04 15:45:22 | WARD_B_TEMP_05 | 40.2 | CRITICAL
2026-06-04 15:45:23 | WARD_B_TEMP_01 | 36.6 | NORMAL
2026-06-04 15:45:23 | WARD_B_TEMP_02 | 35.6 | NORMAL
2026-06-04 15:45:23 | WARD_B_TEMP_03 | 36.1 | NORMAL
2026-06-04 15:45:23 | WARD_B_TEMP_04 | 39.9 | CRITICAL
2026-06-04 15:45:23 | WARD_B_TEMP_05 | 35.3 | CRITICAL
2026-06-04 15:45:24 | WARD_B_TEMP_01 | 38.4 | CRITICAL
2026-06-04 15:45:24 | WARD_B_TEMP_02 | 34.9 | CRITICAL
2026-06-04 15:45:24 | WARD_B_TEMP_03 | 39.1 | CRITICAL
2026-06-04 15:45:24 | WARD_B_TEMP_04 | 34.5 | CRITICAL
2026-06-04 15:45:24 | WARD_B_TEMP_05 | 39.3 | CRITICAL
2026-06-04 15:45:25 | WARD_B_TEMP_01 | 35.9 | NORMAL
2026-06-04 15:45:25 | WARD_B_TEMP_02 | 39.8 | CRITICAL
2026-06-04 15:45:25 | WARD_B_TEMP_03 | 36.4 | NORMAL
2026-06-04 15:45:25 | WARD_B_TEMP_04 | 37.2 | NORMAL
2026-06-04 15:45:25 | WARD_B_TEMP_05 | 40.2 | CRITICAL
2026-06-04 15:45:26 | WARD_B_TEMP_01 | 35.0 | CRITICAL
2026-06-04 15:45:26 | WARD_B_TEMP_02 | 34.7 | CRITICAL
2026-06-04 15:45:26 | WARD_B_TEMP_03 | 39.9 | CRITICAL
2026-06-04 15:45:26 | WARD_B_TEMP_04 | 38.9 | CRITICAL
2026-06-04 15:45:26 | WARD_B_TEMP_05 | 35.1 | CRITICAL
2026-06-04 15:45:27 | WARD_B_TEMP_01 | 37.0 | NORMAL
2026-06-04 15:45:27 | WARD_B_TEMP_02 | 37.7 | WARNING
2026-06-04 15:45:27 | WARD_B_TEMP_03 | 36.5 | NORMAL
2026-06-04 15:45:27 | WARD_B_TEMP_04 | 35.8 | NORMAL
2026-06-04 15:45:27 | WARD_B_TEMP_05 | 38.6 | CRITICAL
2026-06-04 15:45:28 | WARD_B_TEMP_01 | 34.8 | CRITICAL
2026-06-04 15:45:28 | WARD_B_TEMP_02 | 40.5 | CRITICAL
2026-06-04 15:45:28 | WARD_B_TEMP_03 | 39.7 | CRITICAL
2026-06-04 15:45:28 | WARD_B_TEMP_04 | 37.4 | NORMAL
2026-06-04 15:45:28 | WARD_B_TEMP_05 | 40.0 | CRITICAL
2026-06-04 15:45:29 | WARD_B_TEMP_01 | 36.1 | NORMAL
2026-06-04 15:45:29 | WARD_B_TEMP_02 | 37.0 | NORMAL
2026-06-04 15:45:29 | WARD_B_TEMP_03 | 37.1 | NORMAL
2026-06-04 15:45:29 | WARD_B_TEMP_04 | 40.2 | CRITICAL
2026-06-04 15:45:29 | WARD_B_TEMP_05 | 35.7 | NORMAL
2026-06-04 15:45:30 | WARD_B_TEMP_01 | 37.6 | WARNING
2026-06-04 15:45:30 | WARD_B_TEMP_02 | 36.5 | NORMAL
2026-06-04 15:45:30 | WARD_B_TEMP_03 | 36.4 | NORMAL
2026-06-04 15:45:30 | WARD_B_TEMP_04 | 38.8 | CRITICAL
2026-06-04 15:45:30 | WARD_B_TEMP_05 | 37.4 | NORMAL
2026-06-04 15:45:31 | WARD_B_TEMP_01 | 39.1 | CRITICAL
2026-06-04 15:45:31 | WARD_B_TEMP_02 | 39.4 | CRITICAL
2026-06-04 15:45:31 | WARD_B_TEMP_03 | 38.9 | CRITICAL
2026-06-04 15:45:31 | WARD_B_TEMP_04 | 37.3 | NORMAL
2026-06-04 15:45:31 | WARD_B_TEMP_05 | 37.1 | NORMAL
2026-06-04 15:45:32 | WARD_B_TEMP_01 | 38.6 | CRITICAL
2026-06-04 15:45:32 | WARD_B_TEMP_02 | 38.9 | CRITICAL
2026-06-04 15:45:32 | WARD_B_TEMP_03 | 38.1 | CRITICAL
2026-06-04 15:45:32 | WARD_B_TEMP_04 | 34.7 | CRITICAL
2026-06-04 15:45:32 | WARD_B_TEMP_05 | 36.9 | NORMAL
2026-06-04 15:45:33 | WARD_B_TEMP_01 | 37.2 | NORMAL
2026-06-04 15:45:33 | WARD_B_TEMP_02 | 37.7 | WARNING
2026-06-04 15:45:33 | WARD_B_TEMP_03 | 36.5 | NORMAL
2026-06-04 15:45:33 | WARD_B_TEMP_04 | 39.5 | CRITICAL
2026-06-04 15:45:33 | WARD_B_TEMP_05 | 39.4 | CRITICAL
2026-06-04 15:45:34 | WARD_B_TEMP_01 | 40.4 | CRITICAL
2026-06-04 15:45:34 | WARD_B_TEMP_02 | 38.2 | CRITICAL
2026-06-04 15:45:34 | WARD_B_TEMP_03 | 37.8 | WARNING
2026-06-04 15:45:34 | WARD_B_TEMP_04 | 35.2 | CRITICAL
2026-06-04 15:45:34 | WARD_B_TEMP_05 | 35.9 | NORMAL
2026-06-04 15:45:35 | WARD_B_TEMP_01 | 39.2 | CRITICAL
2026-06-04 15:45:35 | WARD_B_TEMP_02 | 36.5 | NORMAL
2026-06-04 15:45:35 | WARD_B_TEMP_03 | 38.1 | CRITICAL
2026-06-04 15:45:35 | WARD_B_TEMP_04 | 39.5 | CRITICAL
2026-06-04 15:45:35 | WARD_B_TEMP_05 | 36.1 | NORMAL
2026-06-04 15:45:36 | WARD_B_TEMP_01 | 35.6 | NORMAL
2026-06-04 15:45:36 | WARD_B_TEMP_02 | 38.2 | CRITICAL
2026-06-04 15:45:36 | WARD_B_TEMP_03 | 36.4 | NORMAL
2026-06-04 15:45:36 | WARD_B_TEMP_04 | 36.1 | NORMAL
2026-06-04 15:45:36 | WARD_B_TEMP_05 | 35.3 | CRITICAL
2026-06-04 15:45:37 | WARD_B_TEMP_01 | 37.8 | WARNING
2026-06-04 15:45:37 | WARD_B_TEMP_02 | 36.0 | NORMAL
2026-06-04 15:45:37 | WARD_B_TEMP_03 | 39.1 | CRITICAL
2026-06-04 15:45:37 | WARD_B_TEMP_04 | 37.6 | WARNING
2026-06-04 15:45:37 | WARD_B_TEMP_05 | 34.9 | CRITICAL
2026-06-04 15:45:38 | WARD_B_TEMP_01 | 36.2 | NORMAL
2026-06-04 15:45:38 | WARD_B_TEMP_02 | 38.0 | WARNING
2026-06-04 15:45:38 | WARD_B_TEMP_03 | 40.3 | CRITICAL
2026-06-04 15:45:38 | WARD_B_TEMP_04 | 39.6 | CRITICAL
2026-06-04 15:45:38 | WARD_B_TEMP_05 | 39.0 | CRITICAL
2026-06-04 15:45:39 | WARD_B_TEMP_01 | 35.9 | NORMAL
2026-06-04 15:45:39 | WARD_B_TEMP_02 | 39.5 | CRITICAL
2026-06-04 15:45:39 | WARD_B_TEMP_03 | 34.6 | CRITICAL
2026-06-04 15:45:39 | WARD_B_TEMP_04 | 39.4 | CRITICAL
2026-06-04 15:45:39 | WARD_B_TEMP_05 | 38.6 | CRITICAL
2026-06-04 15:45:40 | WARD_B_TEMP_01 | 39.1 | CRITICAL
2026-06-04 15:45:40 | WARD_B_TEMP_02 | 36.9 | NORMAL
2026-06-04 15:45:40 | WARD_B_TEMP_03 | 36.7 | NORMAL
2026-06-04 15:45:40 | WARD_B_TEMP_04 | 36.1 | NORMAL
2026-06-04 15:45:40 | WARD_B_TEMP_05 | 37.6 | WARNING
2026-06-04 15:45:41 | WARD_B_TEMP_01 | 39.6 | CRITICAL
2026-06-04 15:45:41 | WARD_B_TEMP_02 | 35.6 | NORMAL
2026-06-04 15:45:41 | WARD_B_TEMP_03 | 35.7 | NORMAL
2026-06-04 15:45:41 | WARD_B_TEMP_04 | 36.1 | NORMAL
2026-06-04 15:45:41 | WARD_B_TEMP_05 | 36.7 | NORMAL
2026-06-04 15:45:42 | WARD_B_TEMP_01 | 39.5 | CRITICAL
2026-06-04 15:45:42 | WARD_B_TEMP_02 | 39.5 | CRITICAL
2026-06-04 15:45:42 | WARD_B_TEMP_03 | 38.3 | CRITICAL
2026-06-04 15:45:42 | WARD_B_TEMP_04 | 37.2 | NORMAL
2026-06-04 15:45:42 | WARD_B_TEMP_05 | 35.4 | CRITICAL
2026-06-04 15:45:43 | WARD_B_TEMP_01 | 38.9 | CRITICAL
2026-06-04 15:45:43 | WARD_B_TEMP_02 | 38.6 | CRITICAL
2026-06-04 15:45:43 | WARD_B_TEMP_03 | 38.0 | WARNING
2026-06-04 15:45:43 | WARD_B_TEMP_04 | 40.1 | CRITICAL
2026-06-04 15:45:43 | WARD_B_TEMP_05 | 35.4 | CRITICAL
2026-06-04 15:45:44 | WARD_B_TEMP_01 | 35.0 | CRITICAL
2026-06-04 15:45:44 | WARD_B_TEMP_02 | 35.1 | CRITICAL
2026-06-04 15:45:44 | WARD_B_TEMP_03 | 36.2 | NORMAL
2026-06-04 15:45:44 | WARD_B_TEMP_04 | 38.8 | CRITICAL
2026-06-04 15:45:44 | WARD_B_TEMP_05 | 36.9 | NORMAL
2026-06-04 15:45:45 | WARD_B_TEMP_01 | 39.3 | CRITICAL
2026-06-04 15:45:45 | WARD_B_TEMP_02 | 34.7 | CRITICAL
2026-06-04 15:45:45 | WARD_B_TEMP_03 | 37.6 | WARNING
2026-06-04 15:45:45 | WARD_B_TEMP_04 | 39.5 | CRITICAL
2026-06-04 15:45:45 | WARD_B_TEMP_05 | 36.7 | NORMAL
2026-06-04 15:45:46 | WARD_B_TEMP_01 | 40.0 | CRITICAL
2026-06-04 15:45:46 | WARD_B_TEMP_02 | 40.3 | CRITICAL
2026-06-04 15:45:46 | WARD_B_TEMP_03 | 35.6 | NORMAL
2026-06-04 15:45:46 | WARD_B_TEMP_04 | 40.3 | CRITICAL
2026-06-04 15:45:46 | WARD_B_TEMP_05 | 39.2 | CRITICAL
2026-06-04 15:45:47 | WARD_B_TEMP_01 | 39.5 | CRITICAL
2026-06-04 15:45:47 | WARD_B_TEMP_02 | 37.0 | NORMAL
2026-06-04 15:45:47 | WARD_B_TEMP_03 | 36.3 | NORMAL
2026-06-04 15:45:47 | WARD_B_TEMP_04 | 37.7 | WARNING
2026-06-04 15:45:47 | WARD_B_TEMP_05 | 37.4 | NORMAL
2026-06-04 15:45:48 | WARD_B_TEMP_01 | 36.1 | NORMAL
2026-06-04 15:45:48 | WARD_B_TEMP_02 | 36.2 | NORMAL
2026-06-04 15:45:48 | WARD_B_TEMP_03 | 38.4 | CRITICAL
2026-06-04 15:45:48 | WARD_B_TEMP_04 | 36.7 | NORMAL
2026-06-04 15:45:48 | WARD_B_TEMP_05 | 36.1 | NORMAL
2026-06-04 15:45:49 | WARD_B_TEMP_01 | 35.1 | CRITICAL
2026-06-04 15:45:49 | WARD_B_TEMP_02 | 37.8 | WARNING
2026-06-04 15:45:49 | WARD_B_TEMP_03 | 37.7 | WARNING
2026-06-04 15:45:49 | WARD_B_TEMP_04 | 38.0 | WARNING
2026-06-04 15:45:49 | WARD_B_TEMP_05 | 37.8 | WARNING
2026-06-04 15:45:50 | WARD_B_TEMP_01 | 35.1 | CRITICAL
2026-06-04 15:45:50 | WARD_B_TEMP_02 | 36.3 | NORMAL
2026-06-04 15:45:50 | WARD_B_TEMP_03 | 35.2 | CRITICAL
2026-06-04 15:45:50 | WARD_B_TEMP_04 | 36.7 | NORMAL
2026-06-04 15:45:50 | WARD_B_TEMP_05 | 36.8 | NORMAL
2026-06-04 15:45:51 | WARD_B_TEMP_01 | 36.9 | NORMAL
2026-06-04 15:45:51 | WARD_B_TEMP_02 | 37.8 | WARNING
2026-06-04 15:45:51 | WARD_B_TEMP_03 | 34.7 | CRITICAL
2026-06-04 15:45:51 | WARD_B_TEMP_04 | 37.6 | WARNING
2026-06-04 15:45:51 | WARD_B_TEMP_05 | 34.6 | CRITICAL
2026-06-04 15:45:52 | WARD_B_TEMP_01 | 36.2 | NORMAL
2026-06-04 15:45:52 | WARD_B_TEMP_02 | 38.5 | CRITICAL
2026-06-04 15:45:52 | WARD_B_TEMP_03 | 34.8 | CRITICAL
2026-06-04 15:45:52 | WARD_B_TEMP_04 | 36.4 | NORMAL
2026-06-04 15:45:52 | WARD_B_TEMP_05 | 35.4 | CRITICAL
2026-06-04 15:45:53 | WARD_B_TEMP_01 | 38.4 | CRITICAL
2026-06-04 15:45:53 | WARD_B_TEMP_02 | 34.5 | CRITICAL
2026-06-04 15:45:53 | WARD_B_TEMP_03 | 37.8 | WARNING
2026-06-04 15:45:53 | WARD_B_TEMP_04 | 37.5 | WARNING
2026-06-04 15:45:53 | WARD_B_TEMP_05 | 36.9 | NORMAL
2026-06-04 15:45:54 | WARD_B_TEMP_01 | 38.9 | CRITICAL
2026-06-04 15:45:54 | WARD_B_TEMP_02 | 36.1 | NORMAL
2026-06-04 15:45:54 | WARD_B_TEMP_03 | 38.9 | CRITICAL
2026-06-04 15:45:54 | WARD_B_TEMP_04 | 39.3 | CRITICAL
2026-06-04 15:45:54 | WARD_B_TEMP_05 | 38.1 | CRITICAL
2026-06-04 15:45:55 | WARD_B_TEMP_01 | 38.4 | CRITICAL
2026-06-04 15:45:55 | WARD_B_TEMP_02 | 35.5 | NORMAL
2026-06-04 15:45:55 | WARD_B_TEMP_03 | 37.4 | NORMAL
2026-06-04 15:45:55 | WARD_B_TEMP_04 | 39.7 | CRITICAL
2026-06-04 15:45:55 | WARD_B_TEMP_05 | 35.6 | NORMAL
2026-06-04 15:45:56 | WARD_B_TEMP_01 | 35.0 | CRITICAL
2026-06-04 15:45:56 | WARD_B_TEMP_02 | 35.4 | CRITICAL
2026-06-04 15:45:56 | WARD_B_TEMP_03 | 39.2 | CRITICAL
2026-06-04 15:45:56 | WARD_B_TEMP_04 | 37.3 | NORMAL
2026-06-04 15:45:56 | WARD_B_TEMP_05 | 37.7 | WARNING
2026-06-04 15:45:57 | WARD_B_TEMP_01 | 40.0 | CRITICAL
2026-06-04 15:45:57 | WARD_B_TEMP_02 | 36.2 | NORMAL
2026-06-04 15:45:57 | WARD_B_TEMP_03 | 35.5 | NORMAL
2026-06-04 15:45:57 | WARD_B_TEMP_04 | 35.8 | NORMAL
2026-06-04 15:45:57 | WARD_B_TEMP_05 | 38.3 | CRITICAL
2026-06-04 15:45:58 | WARD_B_TEMP_01 | 39.1 | CRITICAL
2026-06-04 15:45:58 | WARD_B_TEMP_02 | 39.5 | CRITICAL
2026-06-04 15:45:58 | WARD_B_TEMP_03 | 34.7 | CRITICAL
2026-06-04 15:45:58 | WARD_B_TEMP_04 | 34.7 | CRITICAL
2026-06-04 15:45:58 | WARD_B_TEMP_05 | 36.5 | NORMAL
2026-06-04 15:45:59 | WARD_B_TEMP_01 | 34.8 | CRITICAL
2026-06-04 15:45:59 | WARD_B_TEMP_02 | 40.2 | CRITICAL
2026-06-04 15:45:59 | WARD_B_TEMP_03 | 40.1 | CRITICAL
2026-06-04 15:45:59 | WARD_B_TEMP_04 | 39.1 | CRITICAL
2026-06-04 15:45:59 | WARD_B_TEMP_05 | 37.6 | WARNING
2026-06-04 15:46:00 | WARD_B_TEMP_01 | 38.3 | CRITICAL
2026-06-04 15:46:00 | WARD_B_TEMP_02 | 39.4 | CRITICAL
2026-06-04 15:46:00 | WARD_B_TEMP_03 | 38.1 | CRITICAL
2026-06-04 15:46:00 | WARD_B_TEMP_04 | 37.1 | NORMAL
2026-06-04 15:46:00 | WARD_B_TEMP_05 | 37.9 | WARNING
2026-06-04 15:46:01 | WARD_B_TEMP_01 | 39.1 | CRITICAL
2026-06-04 15:46:01 | WARD_B_TEMP_02 | 34.9 | CRITICAL
2026-06-04 15:46:01 | WARD_B_TEMP_03 | 38.3 | CRITICAL
2026-06-04 15:46:01 | WARD_B_TEMP_04 | 40.0 | CRITICAL
2026-06-04 15:46:01 | WARD_B_TEMP_05 | 39.8 | CRITICAL
2026-06-04 15:46:02 | WARD_B_TEMP_01 | 39.5 | CRITICAL
2026-06-04 15:46:02 | WARD_B_TEMP_02 | 37.4 | NORMAL
2026-06-04 15:46:02 | WARD_B_TEMP_03 | 38.6 | CRITICAL
2026-06-04 15:46:02 | WARD_B_TEMP_04 | 35.2 | CRITICAL
2026-06-04 15:46:02 | WARD_B_TEMP_05 | 38.7 | CRITICAL
2026-06-04 15:46:03 | WARD_B_TEMP_01 | 36.4 | NORMAL
2026-06-04 15:46:03 | WARD_B_TEMP_02 | 36.4 | NORMAL
2026-06-04 15:46:03 | WARD_B_TEMP_03 | 35.5 | NORMAL
2026-06-04 15:46:03 | WARD_B_TEMP_04 | 39.0 | CRITICAL
2026-06-04 15:46:03 | WARD_B_TEMP_05 | 39.2 | CRITICAL
2026-06-04 15:46:04 | WARD_B_TEMP_01 | 37.9 | WARNING
2026-06-04 15:46:04 | WARD_B_TEMP_02 | 38.0 | WARNING
2026-06-04 15:46:04 | WARD_B_TEMP_03 | 35.8 | NORMAL
2026-06-04 15:46:04 | WARD_B_TEMP_04 | 38.8 | CRITICAL
2026-06-04 15:46:04 | WARD_B_TEMP_05 | 36.1 | NORMAL
2026-06-04 15:46:05 | WARD_B_TEMP_01 | 40.3 | CRITICAL
2026-06-04 15:46:05 | WARD_B_TEMP_02 | 36.9 | NORMAL
2026-06-04 15:46:05 | WARD_B_TEMP_03 | 36.3 | NORMAL
2026-06-04 15:46:05 | WARD_B_TEMP_04 | 35.4 | CRITICAL
2026-06-04 15:46:05 | WARD_B_TEMP_05 | 36.6 | NORMAL
2026-06-04 15:46:06 | WARD_B_TEMP_01 | 36.3 | NORMAL
2026-06-04 15:46:06 | WARD_B_TEMP_02 | 40.2 | CRITICAL
2026-06-04 15:46:06 | WARD_B_TEMP_03 | 37.3 | NORMAL
2026-06-04 15:46:06 | WARD_B_TEMP_04 | 38.5 | CRITICAL
2026-06-04 15:46:06 | WARD_B_TEMP_05 | 36.3 | NORMAL
2026-06-04 15:46:07 | WARD_B_TEMP_01 | 37.2 | NORMAL
2026-06-04 15:46:07 | WARD_B_TEMP_02 | 37.0 | NORMAL
2026-06-04 15:46:07 | WARD_B_TEMP_03 | 37.2 | NORMAL
2026-06-04 15:46:07 | WARD_B_TEMP_04 | 37.6 | WARNING
2026-06-04 15:46:07 | WARD_B_TEMP_05 | 40.4 | CRITICAL
2026-06-04 15:46:08 | WARD_B_TEMP_01 | 34.9 | CRITICAL
2026-06-04 15:46:08 | WARD_B_TEMP_02 | 39.9 | CRITICAL
2026-06-04 15:46:08 | WARD_B_TEMP_03 | 38.3 | CRITICAL
2026-06-04 15:46:08 | WARD_B_TEMP_04 | 36.3 | NORMAL
2026-06-04 15:46:08 | WARD_B_TEMP_05 | 37.0 | NORMAL
2026-06-04 15:46:09 | WARD_B_TEMP_01 | 40.1 | CRITICAL
2026-06-04 15:46:09 | WARD_B_TEMP_02 | 38.3 | CRITICAL
2026-06-04 15:46:09 | WARD_B_TEMP_03 | 36.3 | NORMAL
2026-06-04 15:46:09 | WARD_B_TEMP_04 | 35.8 | NORMAL
2026-06-04 15:46:09 | WARD_B_TEMP_05 | 39.0 | CRITICAL
2026-06-04 15:46:10 | WARD_B_TEMP_01 | 37.1 | NORMAL
2026-06-04 15:46:10 | WARD_B_TEMP_02 | 34.8 | CRITICAL
2026-06-04 15:46:10 | WARD_B_TEMP_03 | 35.3 | CRITICAL
2026-06-04 15:46:10 | WARD_B_TEMP_04 | 34.6 | CRITICAL
2026-06-04 15:46:10 | WARD_B_TEMP_05 | 40.0 | CRITICAL
2026-06-04 15:46:11 | WARD_B_TEMP_01 | 40.0 | CRITICAL
2026-06-04 15:46:11 | WARD_B_TEMP_02 | 39.3 | CRITICAL
2026-06-04 15:46:11 | WARD_B_TEMP_03 | 34.7 | CRITICAL
2026-06-04 15:46:11 | WARD_B_TEMP_04 | 38.7 | CRITICAL
2026-06-04 15:46:11 | WARD_B_TEMP_05 | 37.4 | NORMAL
2026-06-04 15:46:12 | WARD_B_TEMP_01 | 38.9 | CRITICAL
2026-06-04 15:46:12 | WARD_B_TEMP_02 | 35.2 | CRITICAL
2026-06-04 15:46:12 | WARD_B_TEMP_03 | 37.8 | WARNING
2026-06-04 15:46:12 | WARD_B_TEMP_04 | 34.6 | CRITICAL
2026-06-04 15:46:12 | WARD_B_TEMP_05 | 39.7 | CRITICAL
2026-06-04 15:46:13 | WARD_B_TEMP_01 | 36.2 | NORMAL
2026-06-04 15:46:13 | WARD_B_TEMP_02 | 36.0 | NORMAL
2026-06-04 15:46:13 | WARD_B_TEMP_03 | 39.3 | CRITICAL
2026-06-04 15:46:13 | WARD_B_TEMP_04 | 35.4 | CRITICAL
2026-06-04 15:46:13 | WARD_B_TEMP_05 | 38.0 | WARNING
2026-06-04 15:46:14 | WARD_B_TEMP_01 | 34.9 | CRITICAL
2026-06-04 15:46:14 | WARD_B_TEMP_02 | 38.2 | CRITICAL
2026-06-04 15:46:14 | WARD_B_TEMP_03 | 35.5 | NORMAL
2026-06-04 15:46:14 | WARD_B_TEMP_04 | 34.9 | CRITICAL
2026-06-04 15:46:14 | WARD_B_TEMP_05 | 37.7 | WARNING
2026-06-04 15:46:15 | WARD_B_TEMP_01 | 36.4 | NORMAL
2026-06-04 15:46:15 | WARD_B_TEMP_02 | 38.5 | CRITICAL
2026-06-04 15:46:15 | WARD_B_TEMP_03 | 39.7 | CRITICAL
2026-06-04 15:46:15 | WARD_B_TEMP_04 | 40.2 | CRITICAL
2026-06-04 15:46:15 | WARD_B_TEMP_05 | 34.6 | CRITICAL
2026-06-04 15:46:16 | WARD_B_TEMP_01 | 38.2 | CRITICAL
2026-06-04 15:46:16 | WARD_B_TEMP_02 | 40.1 | CRITICAL
2026-06-04 15:46:16 | WARD_B_TEMP_03 | 38.8 | CRITICAL
2026-06-04 15:46:16 | WARD_B_TEMP_04 | 35.2 | CRITICAL
2026-06-04 15:46:16 | WARD_B_TEMP_05 | 37.8 | WARNING
2026-06-04 15:46:17 | WARD_B_TEMP_01 | 39.5 | CRITICAL
2026-06-04 15:46:17 | WARD_B_TEMP_02 | 38.6 | CRITICAL
2026-06-04 15:46:17 | WARD_B_TEMP_03 | 37.2 | NORMAL
2026-06-04 15:46:17 | WARD_B_TEMP_04 | 40.2 | CRITICAL
2026-06-04 15:46:17 | WARD_B_TEMP_05 | 37.0 | NORMAL
2026-06-04 15:46:18 | WARD_B_TEMP_01 | 35.2 | CRITICAL
2026-06-04 15:46:18 | WARD_B_TEMP_02 | 36.3 | NORMAL
2026-06-04 15:46:18 | WARD_B_TEMP_03 | 38.4 | CRITICAL
2026-06-04 15:46:18 | WARD_B_TEMP_04 | 35.9 | NORMAL
2026-06-04 15:46:18 | WARD_B_TEMP_05 | 35.1 | CRITICAL
2026-06-04 15:46:19 | WARD_B_TEMP_01 | 36.4 | NORMAL
2026-06-04 15:46:19 | WARD_B_TEMP_02 | 39.2 | CRITICAL
2026-06-04 15:46:19 | WARD_B_TEMP_03 | 37.6 | WARNING
2026-06-04 15:46:19 | WARD_B_TEMP_04 | 38.0 | WARNING
2026-06-04 15:46:19 | WARD_B_TEMP_05 | 35.9 | NORMAL
2026-06-04 15:46:20 | WARD_B_TEMP_01 | 38.0 | WARNING
2026-06-04 15:46:20 | WARD_B_TEMP_02 | 40.4 | CRITICAL
2026-06-04 15:46:20 | WARD_B_TEMP_03 | 38.8 | CRITICAL
2026-06-04 15:46:20 | WARD_B_TEMP_04 | 39.5 | CRITICAL
2026-06-04 15:46:20 | WARD_B_TEMP_05 | 39.7 | CRITICAL
2026-06-04 15:46:21 | WARD_B_TEMP_01 | 34.6 | CRITICAL
2026-06-04 15:46:21 | WARD_B_TEMP_02 | 38.3 | CRITICAL
2026-06-04 15:46:21 | WARD_B_TEMP_03 | 35.4 | CRITICAL
2026-06-04 15:46:21 | WARD_B_TEMP_04 | 34.5 | CRITICAL
2026-06-04 15:46:21 | WARD_B_TEMP_05 | 36.3 | NORMAL
2026-06-04 15:46:22 | WARD_B_TEMP_01 | 38.1 | CRITICAL
2026-06-04 15:46:22 | WARD_B_TEMP_02 | 37.7 | WARNING
2026-06-04 15:46:22 | WARD_B_TEMP_03 | 39.1 | CRITICAL
2026-06-04 15:46:22 | WARD_B_TEMP_04 | 39.9 | CRITICAL
2026-06-04 15:46:22 | WARD_B_TEMP_05 | 36.0 | NORMAL
